\BOOKMARK [-1][-]{part.1}{\376\377\000I\000\040\000P\000r\000e\000c\000\341\000l\000c\000u\000l\000o}{}% 1
\BOOKMARK [0][-]{chapter*.2}{\376\377\000S\000i\000s\000t\000e\000m\000a\000s\000\040\000n\000u\000m\000\351\000r\000i\000c\000o\000s}{part.1}% 2
\BOOKMARK [1][-]{section*.3}{\376\377\000L\000o\000s\000\040\000n\000\372\000m\000e\000r\000o\000s\000\040\000e\000n\000t\000e\000r\000o\000s}{chapter*.2}% 3
\BOOKMARK [1][-]{section*.6}{\376\377\000L\000o\000s\000\040\000n\000\372\000m\000e\000r\000o\000s\000\040\000r\000a\000c\000i\000o\000n\000a\000l\000e\000s}{chapter*.2}% 4
\BOOKMARK [1][-]{section*.10}{\376\377\000R\000a\000z\000o\000n\000e\000s\000\040\000y\000\040\000p\000r\000o\000p\000o\000r\000c\000i\000o\000n\000e\000s}{chapter*.2}% 5
\BOOKMARK [1][-]{section*.13}{\376\377\000T\000e\000o\000r\000e\000m\000a\000\040\000F\000u\000n\000d\000a\000m\000e\000n\000t\000a\000l\000\040\000d\000e\000\040\000l\000a\000\040\000A\000r\000i\000t\000m\000\351\000t\000i\000c\000a}{chapter*.2}% 6
\BOOKMARK [1][-]{section*.14}{\376\377\000N\000\372\000m\000e\000r\000o\000s\000\040\000R\000e\000a\000l\000e\000s}{chapter*.2}% 7
\BOOKMARK [1][-]{section*.19}{\376\377\000F\000u\000n\000c\000i\000o\000n\000e\000s}{chapter*.2}% 8
\BOOKMARK [1][-]{section*.27}{\376\377\000I\000n\000t\000r\000o\000d\000u\000c\000c\000i\000\363\000n}{chapter*.2}% 9
\BOOKMARK [1][-]{section*.28}{\376\377\000E\000l\000\040\000c\000a\000m\000p\000o\000\040\000d\000e\000\040\000n\000\372\000m\000e\000r\000o\000s\000\040\000c\000o\000m\000p\000l\000e\000j\000o\000s}{chapter*.2}% 10
\BOOKMARK [1][-]{section*.29}{\376\377\000F\000o\000r\000m\000a\000\040\000p\000o\000l\000a\000r\000\040\000d\000e\000\040\000l\000o\000s\000\040\000n\000\372\000m\000e\000r\000o\000s\000\040\000c\000o\000m\000p\000l\000e\000j\000o\000s}{chapter*.2}% 11
\BOOKMARK [0][-]{chapter*.30}{\376\377\000\301\000l\000g\000e\000b\000r\000a}{part.1}% 12
\BOOKMARK [1][-]{section*.31}{\376\377\000R\000e\000d\000u\000c\000c\000i\000\363\000n\000\040\000d\000e\000\040\000t\000\351\000r\000m\000i\000n\000o\000s\000\040\000s\000e\000m\000e\000j\000a\000n\000t\000e\000s}{chapter*.30}% 13
\BOOKMARK [1][-]{section*.32}{\376\377\000S\000u\000p\000r\000e\000s\000i\000\363\000n\000\040\000d\000e\000\040\000s\000i\000g\000n\000o\000s\000\040\000d\000e\000\040\000a\000g\000r\000u\000p\000a\000c\000i\000\363\000n}{chapter*.30}% 14
\BOOKMARK [1][-]{section*.33}{\376\377\000M\000u\000t\000i\000p\000l\000i\000c\000a\000c\000i\000\363\000n\000\040\000d\000e\000\040\000p\000o\000l\000i\000n\000o\000m\000i\000o\000s}{chapter*.30}% 15
\BOOKMARK [1][-]{section*.34}{\376\377\000P\000r\000o\000d\000u\000c\000t\000o\000s\000\040\000n\000o\000t\000a\000b\000l\000e\000s}{chapter*.30}% 16
\BOOKMARK [1][-]{section*.35}{\376\377\000S\000u\000m\000a\000s\000\040\000y\000\040\000d\000i\000f\000e\000r\000e\000n\000c\000i\000a\000s\000\040\000d\000e\000\040\000p\000o\000t\000e\000n\000c\000i\000a\000s}{chapter*.30}% 17
\BOOKMARK [0][-]{chapter*.36}{\376\377\000F\000a\000c\000t\000o\000r\000i\000z\000a\000c\000i\000\363\000n}{part.1}% 18
\BOOKMARK [1][-]{section*.37}{\376\377\000M\000\351\000t\000o\000d\000o\000\040\000d\000e\000\040\000H\000o\000r\000n\000e\000r\000\040\000y\000\040\000D\000i\000v\000i\000s\000i\000\363\000n\000\040\000S\000i\000n\000t\000\351\000t\000i\000c\000a}{chapter*.36}% 19
\BOOKMARK [1][-]{section*.38}{\376\377\000T\000e\000o\000r\000e\000m\000a\000\040\000d\000e\000\040\000l\000o\000s\000\040\000c\000e\000r\000o\000s\000\040\000r\000a\000c\000i\000o\000n\000a\000l\000e\000s}{chapter*.36}% 20
\BOOKMARK [1][-]{section*.39}{\376\377\000A\000l\000g\000o\000r\000i\000t\000m\000o\000\040\000d\000e\000\040\000f\000a\000c\000t\000o\000r\000i\000z\000a\000c\000i\000\363\000n}{chapter*.36}% 21
\BOOKMARK [1][-]{section*.43}{\376\377\000C\000r\000i\000t\000e\000r\000i\000o\000s\000\040\000p\000a\000r\000a\000\040\000e\000v\000a\000l\000u\000a\000r\000\040\000r\000a\000\355\000c\000e\000s}{chapter*.36}% 22
\BOOKMARK [1][-]{section*.46}{\376\377\000E\000c\000u\000a\000c\000i\000o\000n\000e\000s\000\040\000d\000e\000\040\000s\000e\000g\000u\000n\000d\000o\000\040\000g\000r\000a\000d\000o}{chapter*.36}% 23
\BOOKMARK [0][-]{chapter*.53}{\376\377\000T\000r\000i\000g\000o\000n\000o\000m\000e\000t\000r\000\355\000a}{part.1}% 24
\BOOKMARK [1][-]{section*.54}{\376\377\000L\000a\000\040\000g\000e\000o\000m\000e\000t\000r\000\355\000a\000\040\000d\000e\000\040\000l\000o\000s\000\040\000t\000r\000i\000\341\000n\000g\000u\000l\000o\000s\000:\000\040\000c\000o\000n\000g\000r\000u\000e\000n\000c\000i\000a\000,\000\040\000s\000i\000m\000i\000l\000i\000t\000u\000d\000\040\000y\000\040\000e\000l\000\040\000t\000e\000o\000r\000e\000m\000a\000\040\000d\000e\000\040\000P\000i\000t\000\341\000g\000o\000r\000a\000s}{chapter*.53}% 25
\BOOKMARK [1][-]{section*.58}{\376\377\000L\000o\000s\000\040\000\341\000n\000g\000u\000l\000o\000s\000\040\000y\000\040\000s\000u\000s\000\040\000m\000e\000d\000i\000d\000a\000s}{chapter*.53}% 26
\BOOKMARK [1][-]{section*.64}{\376\377\000F\000u\000n\000c\000i\000o\000n\000e\000s\000\040\000t\000r\000i\000g\000o\000n\000o\000m\000\351\000t\000r\000i\000c\000a\000s\000:\000\040\000E\000l\000\040\000e\000n\000f\000o\000q\000u\000e\000\040\000d\000e\000l\000\040\000c\000\355\000r\000c\000u\000l\000o\000\040\000u\000n\000i\000t\000a\000r\000i\000o}{chapter*.53}% 27
\BOOKMARK [1][-]{section*.67}{\376\377\000F\000u\000n\000c\000i\000o\000n\000e\000s\000\040\000t\000r\000i\000g\000o\000n\000o\000m\000\351\000t\000r\000i\000c\000a\000s\000\040\000i\000n\000v\000e\000r\000s\000a\000s}{chapter*.53}% 28
\BOOKMARK [0][-]{chapter*.72}{\376\377\000T\000r\000i\000g\000o\000n\000o\000m\000e\000t\000r\000\355\000a\000\040\000A\000n\000a\000l\000\355\000t\000i\000c\000a}{part.1}% 29
\BOOKMARK [1][-]{section*.73}{\376\377\000P\000r\000o\000p\000i\000e\000d\000a\000d\000e\000s\000\040\000d\000e\000\040\000f\000u\000n\000c\000i\000o\000n\000e\000s\000\040\000t\000r\000i\000g\000o\000n\000o\000m\000\351\000t\000r\000i\000c\000a\000s}{chapter*.72}% 30
\BOOKMARK [1][-]{section*.74}{\376\377\000S\000u\000m\000a\000\040\000y\000\040\000d\000i\000f\000e\000r\000e\000n\000c\000i\000a\000s\000\040\000d\000e\000\040\000\341\000n\000g\000u\000l\000o\000s}{chapter*.72}% 31
\BOOKMARK [-1][-]{part.2}{\376\377\000I\000I\000\040\000\301\000l\000g\000e\000b\000r\000a\000\040\000L\000i\000n\000e\000a\000l}{}% 32
\BOOKMARK [0][-]{chapter*.75}{\376\377\000S\000i\000s\000t\000e\000m\000a\000s\000\040\000l\000i\000n\000e\000a\000l\000e\000s}{part.2}% 33
\BOOKMARK [1][-]{section*.76}{\376\377\000S\000i\000s\000t\000e\000m\000a\000s\000\040\000d\000e\000\040\000E\000c\000u\000a\000c\000i\000o\000n\000e\000s\000\040\000L\000i\000n\000e\000a\000l\000e\000s\000\040\000S\000i\000m\000u\000l\000t\000\341\000n\000e\000a\000s}{chapter*.75}% 34
\BOOKMARK [1][-]{section*.78}{\376\377\000D\000e\000t\000e\000r\000m\000i\000n\000a\000n\000t\000e\000s}{chapter*.75}% 35
\BOOKMARK [1][-]{section*.83}{\376\377\000F\000r\000a\000c\000c\000i\000o\000n\000e\000s\000\040\000p\000a\000r\000c\000i\000a\000l\000e\000s}{chapter*.75}% 36
\BOOKMARK [1][-]{section*.91}{\376\377\000F\000a\000c\000t\000o\000r\000e\000s\000\040\000l\000i\000n\000e\000a\000l\000e\000s\000\040\000s\000i\000n\000\040\000r\000e\000p\000e\000t\000i\000c\000i\000\363\000n}{chapter*.75}% 37
\BOOKMARK [1][-]{section*.92}{\376\377\000F\000a\000c\000t\000o\000r\000e\000s\000\040\000l\000i\000n\000e\000a\000l\000e\000s\000\040\000c\000o\000n\000\040\000r\000e\000p\000e\000t\000i\000c\000i\000\363\000n}{chapter*.75}% 38
\BOOKMARK [0][-]{chapter*.93}{\376\377\000E\000s\000p\000a\000c\000i\000o\000s\000\040\000V\000e\000c\000t\000o\000r\000i\000a\000l\000e\000s}{part.2}% 39
\BOOKMARK [1][-]{section*.94}{\376\377\000D\000e\000f\000i\000n\000i\000c\000i\000\363\000n\000\040\000y\000\040\000e\000j\000e\000m\000p\000l\000o\000s}{chapter*.93}% 40
\BOOKMARK [1][-]{section*.95}{\376\377\000S\000u\000b\000e\000s\000p\000a\000c\000i\000o\000s\000\040\000v\000e\000c\000t\000o\000r\000i\000a\000l\000e\000s}{chapter*.93}% 41
\BOOKMARK [1][-]{section*.96}{\376\377\000T\000r\000a\000n\000s\000f\000o\000r\000m\000a\000c\000i\000o\000n\000e\000s\000\040\000l\000i\000n\000e\000a\000l\000e\000s}{chapter*.93}% 42
\BOOKMARK [1][-]{section*.97}{\376\377\000N\000\372\000c\000l\000e\000o\000\040\000e\000\040\000i\000m\000a\000g\000e\000n}{chapter*.93}% 43
\BOOKMARK [1][-]{section*.98}{\376\377\000B\000a\000s\000e\000s\000\040\000y\000\040\000d\000i\000m\000e\000n\000s\000i\000\363\000n}{chapter*.93}% 44
\BOOKMARK [1][-]{section*.99}{\376\377\000C\000o\000o\000r\000d\000e\000n\000a\000d\000a\000s\000\040\000y\000\040\000c\000a\000m\000b\000i\000o\000s\000\040\000d\000e\000\040\000b\000a\000s\000e\000.}{chapter*.93}% 45
\BOOKMARK [0][-]{chapter*.100}{\376\377\000T\000e\000o\000r\000\355\000a\000\040\000e\000s\000p\000e\000c\000t\000r\000a\000l}{part.2}% 46
\BOOKMARK [1][-]{section*.101}{\376\377\000V\000a\000l\000o\000r\000e\000s\000\040\000p\000r\000o\000p\000i\000o\000s}{chapter*.100}% 47
\BOOKMARK [1][-]{section*.102}{\376\377\000V\000a\000l\000o\000r\000e\000s\000\040\000p\000r\000o\000p\000i\000o\000s}{chapter*.100}% 48
\BOOKMARK [1][-]{section*.103}{\376\377\000V\000e\000c\000t\000o\000r\000e\000s\000\040\000p\000r\000o\000p\000i\000o\000s}{chapter*.100}% 49
\BOOKMARK [1][-]{section*.104}{\376\377\000D\000i\000a\000g\000o\000n\000a\000l\000i\000z\000a\000c\000i\000\363\000n}{chapter*.100}% 50
\BOOKMARK [-1][-]{part.3}{\376\377\000I\000I\000I\000\040\000C\000\341\000l\000c\000u\000l\000o}{}% 51
\BOOKMARK [0][-]{chapter*.105}{\376\377\000C\000\341\000l\000c\000u\000l\000o\000\040\000D\000i\000f\000e\000r\000e\000n\000c\000i\000a\000l}{part.3}% 52
\BOOKMARK [1][-]{section*.106}{\376\377\000L\000\355\000m\000i\000t\000e\000s\000\040\000y\000\040\000c\000o\000n\000t\000i\000n\000u\000i\000d\000a\000d}{chapter*.105}% 53
\BOOKMARK [1][-]{section*.110}{\376\377\000D\000e\000r\000i\000v\000a\000d\000a\000s}{chapter*.105}% 54
\BOOKMARK [1][-]{section*.113}{\376\377\000D\000e\000r\000i\000v\000a\000c\000i\000\363\000n\000\040\000i\000m\000p\000l\000\355\000c\000i\000t\000a}{chapter*.105}% 55
\BOOKMARK [1][-]{section*.114}{\376\377\000D\000e\000r\000i\000v\000a\000c\000i\000\363\000n\000\040\000l\000o\000g\000a\000r\000\355\000t\000m\000i\000c\000a}{chapter*.105}% 56
\BOOKMARK [1][-]{section*.115}{\376\377\000L\000i\000n\000e\000a\000l\000i\000z\000a\000c\000i\000\363\000n}{chapter*.105}% 57
\BOOKMARK [1][-]{section*.116}{\376\377\000O\000p\000t\000i\000m\000i\000z\000a\000c\000i\000\363\000n\000\040\000u\000n\000i\000v\000a\000r\000i\000a\000d\000a}{chapter*.105}% 58
\BOOKMARK [1][-]{section*.118}{\376\377\000A\000n\000\341\000l\000i\000s\000i\000s\000\040\000d\000e\000\040\000G\000r\000\341\000f\000i\000c\000a\000s}{chapter*.105}% 59
\BOOKMARK [0][-]{chapter*.119}{\376\377\000C\000\341\000l\000c\000u\000l\000o\000\040\000I\000n\000t\000e\000g\000r\000a\000l}{part.3}% 60
\BOOKMARK [1][-]{section*.120}{\376\377\000A\000n\000t\000i\000d\000e\000r\000i\000v\000a\000d\000a\000s}{chapter*.119}% 61
\BOOKMARK [1][-]{section*.123}{\376\377\000L\000a\000\040\000i\000n\000t\000e\000g\000r\000a\000l\000\040\000d\000e\000f\000i\000n\000i\000d\000a}{chapter*.119}% 62
\BOOKMARK [1][-]{section*.131}{\376\377\000E\000l\000\040\000T\000e\000o\000r\000e\000m\000a\000\040\000F\000u\000n\000d\000a\000m\000e\000n\000t\000a\000l\000\040\000d\000e\000l\000\040\000C\000\341\000l\000c\000u\000l\000o}{chapter*.119}% 63
\BOOKMARK [1][-]{section*.136}{\376\377\000I\000n\000t\000e\000g\000r\000a\000c\000i\000\363\000n\000\040\000p\000o\000r\000\040\000p\000a\000r\000t\000e\000s}{chapter*.119}% 64
\BOOKMARK [1][-]{section*.138}{\376\377\000F\000r\000a\000c\000c\000i\000o\000n\000e\000s\000\040\000p\000a\000r\000c\000i\000a\000l\000e\000s}{chapter*.119}% 65
\BOOKMARK [1][-]{section*.146}{\376\377\000T\000\351\000c\000n\000i\000c\000a\000s\000\040\000d\000e\000\040\000i\000n\000t\000e\000g\000a\000c\000i\000\363\000n\000\040\000t\000r\000i\000g\000o\000n\000o\000m\000\351\000t\000r\000i\000c\000a}{chapter*.119}% 66
\BOOKMARK [1][-]{section*.160}{\376\377\000\301\000r\000e\000a\000\040\000y\000\040\000l\000o\000n\000g\000i\000t\000u\000d\000\040\000d\000e\000\040\000a\000r\000c\000o}{chapter*.119}% 67
\BOOKMARK [1][-]{section*.165}{\376\377\000V\000o\000l\000u\000m\000e\000n}{chapter*.119}% 68
\BOOKMARK [1][-]{section*.171}{\376\377\000I\000n\000t\000e\000g\000r\000a\000l\000e\000s\000\040\000i\000m\000p\000r\000o\000p\000i\000a\000s}{chapter*.119}% 69
\BOOKMARK [1][-]{section*.174}{\376\377\000\301\000r\000e\000a\000\040\000d\000e\000\040\000S\000u\000p\000e\000r\000f\000i\000c\000i\000e\000s\000\040\000d\000e\000\040\000R\000e\000v\000o\000l\000u\000c\000i\000\363\000n}{chapter*.119}% 70
\BOOKMARK [0][-]{chapter*.175}{\376\377\000C\000\341\000l\000c\000u\000l\000o\000\040\000e\000n\000\040\000v\000a\000r\000i\000a\000s\000\040\000v\000a\000r\000i\000a\000b\000l\000e\000s}{part.3}% 71
\BOOKMARK [1][-]{section*.176}{\376\377\000R\000e\000p\000r\000e\000s\000e\000n\000t\000a\000c\000i\000\363\000n\000\040\000p\000a\000r\000a\000m\000\351\000t\000r\000i\000c\000a\000\040\000d\000e\000\040\000c\000u\000r\000v\000a\000s}{chapter*.175}% 72
\BOOKMARK [1][-]{section*.180}{\376\377\000D\000e\000r\000i\000v\000a\000d\000a\000s\000\040\000P\000a\000r\000c\000i\000a\000l\000e\000s}{chapter*.175}% 73
\BOOKMARK [-1][-]{part.4}{\376\377\000I\000V\000\040\000E\000c\000u\000a\000c\000i\000o\000n\000e\000s\000\040\000D\000i\000f\000e\000r\000e\000n\000c\000i\000a\000l\000e\000s}{}% 74
\BOOKMARK [0][-]{chapter*.188}{\376\377\000E\000c\000u\000a\000c\000i\000o\000n\000e\000s\000\040\000d\000e\000\040\000p\000r\000i\000m\000e\000r\000\040\000o\000r\000d\000e\000n}{part.4}% 75
\BOOKMARK [1][-]{section*.189}{\376\377\000F\000u\000n\000d\000a\000m\000e\000n\000t\000o\000s\000\040\000d\000e\000\040\000E\000c\000u\000a\000c\000i\000o\000n\000e\000s\000\040\000D\000i\000f\000e\000r\000e\000n\000c\000i\000a\000l\000e\000s}{chapter*.188}% 76
\BOOKMARK [1][-]{section*.195}{\376\377\000E\000c\000u\000a\000c\000i\000o\000n\000e\000s\000\040\000E\000s\000p\000e\000c\000i\000a\000l\000e\000s\000\040\000d\000e\000\040\000P\000r\000i\000m\000e\000r\000\040\000O\000r\000d\000e\000n}{chapter*.188}% 77
\BOOKMARK [1][-]{section*.203}{\376\377\000A\000p\000l\000i\000c\000a\000c\000i\000o\000n\000e\000s}{chapter*.188}% 78
\BOOKMARK [0][-]{chapter*.209}{\376\377\000E\000c\000u\000a\000c\000i\000o\000n\000e\000s\000\040\000d\000e\000\040\000O\000r\000d\000e\000n\000\040\000S\000u\000p\000e\000r\000i\000o\000r}{part.4}% 79
\BOOKMARK [1][-]{section*.210}{\376\377\000E\000c\000u\000a\000c\000i\000o\000n\000e\000s\000\040\000D\000i\000f\000e\000r\000e\000n\000c\000i\000a\000l\000e\000s\000\040\000L\000i\000n\000e\000a\000l\000e\000s}{chapter*.209}% 80
\BOOKMARK [1][-]{section*.215}{\376\377\000E\000c\000u\000a\000c\000i\000o\000n\000e\000s\000\040\000D\000i\000f\000e\000r\000e\000n\000c\000i\000a\000l\000e\000s\000\040\000L\000i\000n\000e\000a\000l\000e\000s\000\040\000H\000o\000m\000o\000g\000\351\000n\000e\000a\000s\000\040\000d\000e\000\040\000S\000e\000g\000u\000n\000d\000o\000\040\000O\000r\000d\000e\000n\000\040\000c\000o\000n\000\040\000C\000o\000e\000f\000i\000c\000i\000e\000n\000t\000e\000s\000\040\000C\000o\000n\000s\000t\000a\000n\000t\000e\000s}{chapter*.209}% 81
\BOOKMARK [1][-]{section*.221}{\376\377\000E\000c\000u\000a\000c\000i\000o\000n\000e\000s\000\040\000D\000i\000f\000e\000r\000e\000n\000c\000i\000a\000l\000e\000s\000\040\000L\000i\000n\000e\000a\000l\000e\000s\000\040\000H\000o\000m\000o\000g\000\351\000n\000e\000a\000s\000\040\000d\000e\000\040\000n\000-\000\351\000s\000i\000m\000o\000\040\000O\000r\000d\000e\000n\000\040\000c\000o\000n\000\040\000C\000o\000e\000f\000i\000c\000i\000e\000n\000t\000e\000s\000\040\000C\000o\000n\000s\000t\000a\000n\000t\000e\000s}{chapter*.209}% 82
\BOOKMARK [1][-]{section*.225}{\376\377\000M\000\351\000t\000o\000d\000o\000\040\000d\000e\000\040\000C\000o\000e\000f\000i\000c\000i\000e\000n\000t\000e\000s\000\040\000I\000n\000d\000e\000t\000e\000r\000m\000i\000n\000a\000d\000o\000s}{chapter*.209}% 83
\BOOKMARK [1][-]{section*.233}{\376\377\000A\000p\000l\000i\000c\000a\000c\000i\000o\000n\000e\000s}{chapter*.209}% 84
\BOOKMARK [1][-]{section*.238}{\376\377\000V\000a\000r\000i\000a\000c\000i\000\363\000n\000\040\000d\000e\000\040\000p\000a\000r\000a\000m\000e\000t\000r\000o\000s}{chapter*.209}% 85
\BOOKMARK [0][-]{chapter*.242}{\376\377\000T\000r\000a\000n\000s\000f\000o\000r\000m\000a\000d\000a\000\040\000d\000e\000\040\000L\000a\000p\000l\000a\000c\000e}{part.4}% 86
\BOOKMARK [1][-]{section*.243}{\376\377\000L\000a\000\040\000T\000r\000a\000n\000s\000f\000o\000r\000m\000a\000d\000a\000\040\000d\000e\000\040\000L\000a\000p\000l\000a\000c\000e}{chapter*.242}% 87
\BOOKMARK [1][-]{section*.248}{\376\377\000T\000r\000a\000n\000s\000f\000o\000r\000m\000a\000d\000a\000\040\000I\000n\000v\000e\000r\000s\000a\000\040\000d\000e\000\040\000L\000a\000p\000l\000a\000c\000e}{chapter*.242}% 88
\BOOKMARK [1][-]{section*.252}{\376\377\000E\000.\000D\000.\000\040\000L\000i\000n\000e\000a\000l\000e\000s\000\040\000c\000o\000n\000\040\000C\000o\000e\000f\000i\000c\000i\000e\000n\000t\000e\000s\000\040\000C\000o\000n\000s\000t\000a\000n\000t\000e\000s}{chapter*.242}% 89
\BOOKMARK [1][-]{section*.256}{\376\377\000T\000r\000a\000n\000s\000f\000o\000r\000m\000a\000d\000a\000\040\000d\000e\000\040\000f\000u\000n\000c\000i\000o\000n\000e\000s\000\040\000d\000i\000s\000c\000o\000n\000t\000i\000n\000u\000a\000s}{chapter*.242}% 90
\BOOKMARK [0][-]{chapter*.262}{\376\377\000S\000i\000s\000t\000e\000m\000a\000s\000\040\000d\000e\000\040\000E\000c\000u\000a\000c\000i\000o\000n\000e\000s\000\040\000D\000i\000f\000e\000r\000e\000n\000c\000i\000a\000l\000e\000s}{part.4}% 91
\BOOKMARK [1][-]{section*.263}{\376\377\000P\000r\000o\000y\000e\000c\000t\000o\000\040\000f\000i\000n\000a\000l\000:\000\040\000E\000c\000u\000a\000c\000i\000o\000n\000e\000s\000\040\000d\000i\000f\000e\000r\000e\000n\000c\000i\000a\000l\000e\000s}{chapter*.262}% 92
\BOOKMARK [1][-]{section*.264}{\376\377\000S\000o\000l\000u\000c\000i\000\363\000n\000\040\000d\000e\000\040\000S\000i\000s\000t\000e\000m\000a\000s\000\040\000L\000i\000n\000e\000a\000l\000e\000s}{chapter*.262}% 93
\BOOKMARK [0][-]{chapter*.265}{\376\377\000B\000i\000b\000l\000i\000o\000g\000r\000a\000f\000\355\000a}{part.4}% 94
