This is pdfTeX, Version 3.141592653-2.6-1.40.22 (MiKTeX 21.3) (preloaded format=pdflatex 2021.4.22)  24 MAY 2021 13:02
entering extended mode
**./__main__.tex
(__main__.tex
LaTeX2e <2020-10-01> patch level 4
L3 programming layer <2021-02-18>
(C:\Users\julih\AppData\Roaming\MiKTeX\tex/latex/amscls\amsbook.cls
Document Class: amsbook 2020/05/29 v2.20.6
\linespacing=\dimen138
\normalparindent=\dimen139
\normaltopskip=\skip47
(C:\Program Files\MiKTeX\tex/latex/amsmath\amsmath.sty
Package: amsmath 2020/09/23 v2.17i AMS math features
\@mathmargin=\skip48

For additional information on amsmath, use the `?' option.
(C:\Program Files\MiKTeX\tex/latex/amsmath\amstext.sty
Package: amstext 2000/06/29 v2.01 AMS text

(C:\Program Files\MiKTeX\tex/latex/amsmath\amsgen.sty
File: amsgen.sty 1999/11/30 v2.0 generic functions
\@emptytoks=\toks15
\ex@=\dimen140
))
(C:\Program Files\MiKTeX\tex/latex/amsmath\amsbsy.sty
Package: amsbsy 1999/11/29 v1.2d Bold Symbols
\pmbraise@=\dimen141
)
(C:\Program Files\MiKTeX\tex/latex/amsmath\amsopn.sty
Package: amsopn 2016/03/08 v2.02 operator names
)
\inf@bad=\count179
LaTeX Info: Redefining \frac on input line 234.
\uproot@=\count180
\leftroot@=\count181
LaTeX Info: Redefining \overline on input line 399.
\classnum@=\count182
\DOTSCASE@=\count183
LaTeX Info: Redefining \ldots on input line 496.
LaTeX Info: Redefining \dots on input line 499.
LaTeX Info: Redefining \cdots on input line 620.
\Mathstrutbox@=\box47
\strutbox@=\box48
\big@size=\dimen142
LaTeX Font Info:    Redeclaring font encoding OML on input line 743.
LaTeX Font Info:    Redeclaring font encoding OMS on input line 744.
\macc@depth=\count184
\c@MaxMatrixCols=\count185
\dotsspace@=\muskip16
\c@parentequation=\count186
\dspbrk@lvl=\count187
\tag@help=\toks16
\row@=\count188
\column@=\count189
\maxfields@=\count190
\andhelp@=\toks17
\eqnshift@=\dimen143
\alignsep@=\dimen144
\tagshift@=\dimen145
\tagwidth@=\dimen146
\totwidth@=\dimen147
\lineht@=\dimen148
\@envbody=\toks18
\multlinegap=\skip49
\multlinetaggap=\skip50
\mathdisplay@stack=\toks19
LaTeX Info: Redefining \[ on input line 2923.
LaTeX Info: Redefining \] on input line 2924.
)
LaTeX Font Info:    Trying to load font information for U+msa on input line 376
.

(C:\Program Files\MiKTeX\tex/latex/amsfonts\umsa.fd
File: umsa.fd 2013/01/14 v3.01 AMS symbols A
)
(C:\Program Files\MiKTeX\tex/latex/amsfonts\amsfonts.sty
Package: amsfonts 2013/01/14 v3.01 Basic AMSFonts support
\symAMSa=\mathgroup4
\symAMSb=\mathgroup5
LaTeX Font Info:    Redeclaring math symbol \hbar on input line 98.
LaTeX Font Info:    Overwriting math alphabet `\mathfrak' in version `bold'
(Font)                  U/euf/m/n --> U/euf/b/n on input line 106.
)
\copyins=\insert199
\abstractbox=\box49
\listisep=\skip51
\c@part=\count191
\c@chapter=\count192
\c@section=\count193
\c@subsection=\count194
\c@subsubsection=\count195
\c@paragraph=\count196
\c@subparagraph=\count197
\c@figure=\count198
\c@table=\count266
\abovecaptionskip=\skip52
\belowcaptionskip=\skip53
\captionindent=\dimen149
\thm@style=\toks20
\thm@bodyfont=\toks21
\thm@headfont=\toks22
\thm@notefont=\toks23
\thm@headpunct=\toks24
\thm@preskip=\skip54
\thm@postskip=\skip55
\thm@headsep=\skip56
\dth@everypar=\toks25
) (_paquetes.tex
(C:\Program Files\MiKTeX\tex/latex/base\fontenc.sty
Package: fontenc 2020/08/10 v2.0s Standard LaTeX package
)
(C:\Program Files\MiKTeX\tex/latex/graphics\graphicx.sty
Package: graphicx 2020/09/09 v1.2b Enhanced LaTeX Graphics (DPC,SPQR)

(C:\Program Files\MiKTeX\tex/latex/graphics\keyval.sty
Package: keyval 2014/10/28 v1.15 key=value parser (DPC)
\KV@toks@=\toks26
)
(C:\Program Files\MiKTeX\tex/latex/graphics\graphics.sty
Package: graphics 2020/08/30 v1.4c Standard LaTeX Graphics (DPC,SPQR)

(C:\Program Files\MiKTeX\tex/latex/graphics\trig.sty
Package: trig 2016/01/03 v1.10 sin cos tan (DPC)
)
(C:\Program Files\MiKTeX\tex/latex/graphics-cfg\graphics.cfg
File: graphics.cfg 2016/06/04 v1.11 sample graphics configuration
)
Package graphics Info: Driver file: pdftex.def on input line 105.

(C:\Program Files\MiKTeX\tex/latex/graphics-def\pdftex.def
File: pdftex.def 2020/10/05 v1.2a Graphics/color driver for pdftex
))
\Gin@req@height=\dimen150
\Gin@req@width=\dimen151
)
(C:\Program Files\MiKTeX\tex/latex/base\inputenc.sty
Package: inputenc 2020/08/01 v1.3d Input encoding file
\inpenc@prehook=\toks27
\inpenc@posthook=\toks28
)
(C:\Program Files\MiKTeX\tex/generic/babel\babel.sty
Package: babel 2021/04/07 3.57 The Babel package

(C:\Program Files\MiKTeX\tex/generic/babel\babel.def
File: babel.def 2021/04/07 3.57 Babel common definitions
\babel@savecnt=\count267
\U@D=\dimen152
\l@babelnohyphens=\language79

(C:\Program Files\MiKTeX\tex/generic/babel\txtbabel.def)
\bbl@readstream=\read2
)
\bbl@dirlevel=\count268

*************************************
* Local config file bblopts.cfg used
*
(C:\Program Files\MiKTeX\tex/latex/arabi\bblopts.cfg
File: bblopts.cfg 2005/09/08 v0.1 add Arabic and Farsi to "declared" options of
 babel
)
(C:\Users\julih\AppData\Roaming\MiKTeX\tex/latex/babel-spanish\spanish.ldf
Language: spanish.ldf 2016/03/03 v5.0p Spanish support from the babel system
\es@quottoks=\toks29
\es@quotdepth=\count269
Package babel Info: Making " an active character on input line 561.
))
(C:\Program Files\MiKTeX\tex/latex/base\fontenc.sty
Package: fontenc 2020/08/10 v2.0s Standard LaTeX package
)
(C:\Program Files\MiKTeX\tex/latex/amsfonts\amssymb.sty
Package: amssymb 2013/01/14 v3.01 AMS font symbols
)
(C:\Users\julih\AppData\Roaming\MiKTeX\tex/latex/jknappen\mathrsfs.sty
Package: mathrsfs 1996/01/01 Math RSFS package v1.0 (jk)
\symrsfs=\mathgroup6
)
(C:\Users\julih\AppData\Roaming\MiKTeX\tex/latex/yfonts\yfonts.sty
Package: yfonts 2019/04/04 v1.4 (WaS&NP)
Now handling font encoding LY ...
... no UTF-8 mapping file for font encoding LY
Now handling font encoding LYG ...
... no UTF-8 mapping file for font encoding LYG
LaTeX Info: Composite with undeclared \" in encoding LYG on input line 58.
)
(C:\Users\julih\AppData\Roaming\MiKTeX\tex/latex/latex-tools\enumerate.sty
Package: enumerate 2015/07/23 v3.00 enumerate extensions (DPC)
\@enLab=\toks30
)
(C:\Users\julih\AppData\Roaming\MiKTeX\tex/latex/mathtools\mathtools.sty
Package: mathtools 2021/04/12 v1.27 mathematical typesetting tools

(C:\Users\julih\AppData\Roaming\MiKTeX\tex/latex/latex-tools\calc.sty
Package: calc 2017/05/25 v4.3 Infix arithmetic (KKT,FJ)
\calc@Acount=\count270
\calc@Bcount=\count271
\calc@Adimen=\dimen153
\calc@Bdimen=\dimen154
\calc@Askip=\skip57
\calc@Bskip=\skip58
LaTeX Info: Redefining \setlength on input line 80.
LaTeX Info: Redefining \addtolength on input line 81.
\calc@Ccount=\count272
\calc@Cskip=\skip59
)
(C:\Users\julih\AppData\Roaming\MiKTeX\tex/latex/mathtools\mhsetup.sty
Package: mhsetup 2021/03/18 v1.4 programming setup (MH)
)
LaTeX Info: Thecontrolsequence`\('isalreadyrobust on input line 130.
LaTeX Info: Thecontrolsequence`\)'isalreadyrobust on input line 130.
LaTeX Info: Thecontrolsequence`\['isalreadyrobust on input line 130.
LaTeX Info: Thecontrolsequence`\]'isalreadyrobust on input line 130.
\g_MT_multlinerow_int=\count273
\l_MT_multwidth_dim=\dimen155
\origjot=\skip60
\l_MT_shortvdotswithinadjustabove_dim=\dimen156
\l_MT_shortvdotswithinadjustbelow_dim=\dimen157
\l_MT_above_intertext_sep=\dimen158
\l_MT_below_intertext_sep=\dimen159
\l_MT_above_shortintertext_sep=\dimen160
\l_MT_below_shortintertext_sep=\dimen161
\xmathstrut@box=\box50
\xmathstrut@dim=\dimen162
)
(C:\Program Files\MiKTeX\tex/latex/base\textcomp.sty
Package: textcomp 2020/02/02 v2.0n Standard LaTeX package
)
(C:\Program Files\MiKTeX\tex/latex/lm\lmodern.sty
Package: lmodern 2009/10/30 v1.6 Latin Modern Fonts
LaTeX Font Info:    Overwriting symbol font `operators' in version `normal'
(Font)                  OT1/cmr/m/n --> OT1/lmr/m/n on input line 22.
LaTeX Font Info:    Overwriting symbol font `letters' in version `normal'
(Font)                  OML/cmm/m/it --> OML/lmm/m/it on input line 23.
LaTeX Font Info:    Overwriting symbol font `symbols' in version `normal'
(Font)                  OMS/cmsy/m/n --> OMS/lmsy/m/n on input line 24.
LaTeX Font Info:    Overwriting symbol font `largesymbols' in version `normal'
(Font)                  OMX/cmex/m/n --> OMX/lmex/m/n on input line 25.
LaTeX Font Info:    Overwriting symbol font `operators' in version `bold'
(Font)                  OT1/cmr/bx/n --> OT1/lmr/bx/n on input line 26.
LaTeX Font Info:    Overwriting symbol font `letters' in version `bold'
(Font)                  OML/cmm/b/it --> OML/lmm/b/it on input line 27.
LaTeX Font Info:    Overwriting symbol font `symbols' in version `bold'
(Font)                  OMS/cmsy/b/n --> OMS/lmsy/b/n on input line 28.
LaTeX Font Info:    Overwriting symbol font `largesymbols' in version `bold'
(Font)                  OMX/cmex/m/n --> OMX/lmex/m/n on input line 29.
LaTeX Font Info:    Overwriting math alphabet `\mathbf' in version `normal'
(Font)                  OT1/cmr/bx/n --> OT1/lmr/bx/n on input line 31.
LaTeX Font Info:    Overwriting math alphabet `\mathsf' in version `normal'
(Font)                  OT1/cmss/m/n --> OT1/lmss/m/n on input line 32.
LaTeX Font Info:    Overwriting math alphabet `\mathit' in version `normal'
(Font)                  OT1/cmr/m/it --> OT1/lmr/m/it on input line 33.
LaTeX Font Info:    Overwriting math alphabet `\mathtt' in version `normal'
(Font)                  OT1/cmtt/m/n --> OT1/lmtt/m/n on input line 34.
LaTeX Font Info:    Overwriting math alphabet `\mathbf' in version `bold'
(Font)                  OT1/cmr/bx/n --> OT1/lmr/bx/n on input line 35.
LaTeX Font Info:    Overwriting math alphabet `\mathsf' in version `bold'
(Font)                  OT1/cmss/bx/n --> OT1/lmss/bx/n on input line 36.
LaTeX Font Info:    Overwriting math alphabet `\mathit' in version `bold'
(Font)                  OT1/cmr/bx/it --> OT1/lmr/bx/it on input line 37.
LaTeX Font Info:    Overwriting math alphabet `\mathtt' in version `bold'
(Font)                  OT1/cmtt/m/n --> OT1/lmtt/m/n on input line 38.
)
(C:\Users\julih\AppData\Roaming\MiKTeX\tex/latex/fancyvrb\fancyvrb.sty
Package: fancyvrb 2021/01/20 v3.7 verbatim text (tvz,hv)
\FV@CodeLineNo=\count274
\FV@InFile=\read3
\FV@TabBox=\box51
\c@FancyVerbLine=\count275
\FV@StepNumber=\count276
\FV@OutFile=\write3
)
(C:\Users\julih\AppData\Roaming\MiKTeX\tex/latex/latex-tools\multicol.sty
Package: multicol 2019/12/09 v1.8y multicolumn formatting (FMi)
\c@tracingmulticols=\count277
\mult@box=\box52
\multicol@leftmargin=\dimen163
\c@unbalance=\count278
\c@collectmore=\count279
\doublecol@number=\count280
\multicoltolerance=\count281
\multicolpretolerance=\count282
\full@width=\dimen164
\page@free=\dimen165
\premulticols=\dimen166
\postmulticols=\dimen167
\multicolsep=\skip61
\multicolbaselineskip=\skip62
\partial@page=\box53
\last@line=\box54
\maxbalancingoverflow=\dimen168
\mult@rightbox=\box55
\mult@grightbox=\box56
\mult@gfirstbox=\box57
\mult@firstbox=\box58
\@tempa=\box59
\@tempa=\box60
\@tempa=\box61
\@tempa=\box62
\@tempa=\box63
\@tempa=\box64
\@tempa=\box65
\@tempa=\box66
\@tempa=\box67
\@tempa=\box68
\@tempa=\box69
\@tempa=\box70
\@tempa=\box71
\@tempa=\box72
\@tempa=\box73
\@tempa=\box74
\@tempa=\box75
\@tempa=\box76
\@tempa=\box77
\@tempa=\box78
\@tempa=\box79
\@tempa=\box80
\@tempa=\box81
\@tempa=\box82
\@tempa=\box83
\@tempa=\box84
\@tempa=\box85
\@tempa=\box86
\@tempa=\box87
\@tempa=\box88
\@tempa=\box89
\@tempa=\box90
\@tempa=\box91
\@tempa=\box92
\@tempa=\box93
\@tempa=\box94
\@tempa=\box95
\c@minrows=\count283
\c@columnbadness=\count284
\c@finalcolumnbadness=\count285
\last@try=\dimen169
\multicolovershoot=\dimen170
\multicolundershoot=\dimen171
\mult@nat@firstbox=\box96
\colbreak@box=\box97
\mc@col@check@num=\count286
)
(C:\Users\julih\AppData\Roaming\MiKTeX\tex/latex/wrapfig\wrapfig.sty
\wrapoverhang=\dimen172
\WF@size=\dimen173
\c@WF@wrappedlines=\count287
\WF@box=\box98
\WF@everypar=\toks31
Package: wrapfig 2003/01/31  v 3.6
)
(C:\Users\julih\AppData\Roaming\MiKTeX\tex/latex/floatflt\floatflt.sty
Package: floatflt 1997/07/16 v. 1.31
\c@OptionTest=\count288
\figbox=\box99
\tabbox=\box100
\pagebox=\box101
\ffigcount=\count289
\ftabcount=\count290
\fftest=\count291
\hangcount=\count292
\nosuccesstryfig=\count293
\nosuccesstrytab=\count294
\figgutter=\dimen174
\tabgutter=\dimen175
\htdone=\dimen176
\pageht=\dimen177
\startpageht=\dimen178
\tabbredd=\dimen179
\floatfltwidth=\dimen180
\fltitemwidth=\dimen181
\outputpretest=\toks32
)
(C:\Users\julih\AppData\Roaming\MiKTeX\tex/latex/filecontents\filecontents.sty
Package: filecontents 2019/09/20 v1.5 Create an external file from within a LaT
eX document


Package filecontents Warning: This package is obsolete. Disabling it and
(filecontents)                passing control to the filecontents environment
(filecontents)                defined by the LaTeX kernel.

) (C:\Program Files\MiKTeX\tex/latex/hyperref\hyperref.sty
Package: hyperref 2021-02-27 v7.00k Hypertext links for LaTeX

(C:\Users\julih\AppData\Roaming\MiKTeX\tex/generic/ltxcmds\ltxcmds.sty
Package: ltxcmds 2020-05-10 v1.25 LaTeX kernel commands for general use (HO)
)
(C:\Program Files\MiKTeX\tex/generic/iftex\iftex.sty
Package: iftex 2020/03/06 v1.0d TeX engine tests
)
(C:\Program Files\MiKTeX\tex/generic/pdftexcmds\pdftexcmds.sty
Package: pdftexcmds 2020-06-27 v0.33 Utility functions of pdfTeX for LuaTeX (HO
)

(C:\Users\julih\AppData\Roaming\MiKTeX\tex/generic/infwarerr\infwarerr.sty
Package: infwarerr 2019/12/03 v1.5 Providing info/warning/error messages (HO)
)
Package pdftexcmds Info: \pdf@primitive is available.
Package pdftexcmds Info: \pdf@ifprimitive is available.
Package pdftexcmds Info: \pdfdraftmode found.
)
(C:\Users\julih\AppData\Roaming\MiKTeX\tex/generic/kvsetkeys\kvsetkeys.sty
Package: kvsetkeys 2019/12/15 v1.18 Key value parser (HO)
)
(C:\Users\julih\AppData\Roaming\MiKTeX\tex/generic/kvdefinekeys\kvdefinekeys.st
y
Package: kvdefinekeys 2019-12-19 v1.6 Define keys (HO)
) (C:\Users\julih\AppData\Roaming\MiKTeX\tex/generic/pdfescape\pdfescape.sty
Package: pdfescape 2019/12/09 v1.15 Implements pdfTeX's escape features (HO)
)
(C:\Users\julih\AppData\Roaming\MiKTeX\tex/latex/hycolor\hycolor.sty
Package: hycolor 2020-01-27 v1.10 Color options for hyperref/bookmark (HO)
)
(C:\Users\julih\AppData\Roaming\MiKTeX\tex/latex/letltxmacro\letltxmacro.sty
Package: letltxmacro 2019/12/03 v1.6 Let assignment for LaTeX macros (HO)
)
(C:\Users\julih\AppData\Roaming\MiKTeX\tex/latex/auxhook\auxhook.sty
Package: auxhook 2019-12-17 v1.6 Hooks for auxiliary files (HO)
)
(C:\Users\julih\AppData\Roaming\MiKTeX\tex/latex/kvoptions\kvoptions.sty
Package: kvoptions 2020-10-07 v3.14 Key value format for package options (HO)
)
\@linkdim=\dimen182
\Hy@linkcounter=\count295
\Hy@pagecounter=\count296

(C:\Program Files\MiKTeX\tex/latex/hyperref\pd1enc.def
File: pd1enc.def 2021-02-27 v7.00k Hyperref: PDFDocEncoding definition (HO)
Now handling font encoding PD1 ...
... no UTF-8 mapping file for font encoding PD1
)
(C:\Program Files\MiKTeX\tex/latex/hyperref\hyperref-langpatches.def
File: hyperref-langpatches.def 2021-02-27 v7.00k Hyperref: patches for babel la
nguages
)
(C:\Users\julih\AppData\Roaming\MiKTeX\tex/generic/intcalc\intcalc.sty
Package: intcalc 2019/12/15 v1.3 Expandable calculations with integers (HO)
)
(C:\Users\julih\AppData\Roaming\MiKTeX\tex/generic/etexcmds\etexcmds.sty
Package: etexcmds 2019/12/15 v1.7 Avoid name clashes with e-TeX commands (HO)
)
\Hy@SavedSpaceFactor=\count297

(C:\Program Files\MiKTeX\tex/latex/hyperref\puenc.def
File: puenc.def 2021-02-27 v7.00k Hyperref: PDF Unicode definition (HO)
Now handling font encoding PU ...
... no UTF-8 mapping file for font encoding PU
)
Package hyperref Info: Hyper figures OFF on input line 4192.
Package hyperref Info: Link nesting OFF on input line 4197.
Package hyperref Info: Hyper index ON on input line 4200.
Package hyperref Info: Plain pages OFF on input line 4207.
Package hyperref Info: Backreferencing OFF on input line 4212.
Package hyperref Info: Implicit mode ON; LaTeX internals redefined.
Package hyperref Info: Bookmarks ON on input line 4445.
\c@Hy@tempcnt=\count298

(C:\Program Files\MiKTeX\tex/latex/url\url.sty
\Urlmuskip=\muskip17
Package: url 2013/09/16  ver 3.4  Verb mode for urls, etc.
)
LaTeX Info: Redefining \url on input line 4804.
\XeTeXLinkMargin=\dimen183

(C:\Users\julih\AppData\Roaming\MiKTeX\tex/generic/bitset\bitset.sty
Package: bitset 2019/12/09 v1.3 Handle bit-vector datatype (HO)

(C:\Users\julih\AppData\Roaming\MiKTeX\tex/generic/bigintcalc\bigintcalc.sty
Package: bigintcalc 2019/12/15 v1.5 Expandable calculations on big integers (HO
)
))
\Fld@menulength=\count299
\Field@Width=\dimen184
\Fld@charsize=\dimen185
Package hyperref Info: Hyper figures OFF on input line 6075.
Package hyperref Info: Link nesting OFF on input line 6080.
Package hyperref Info: Hyper index ON on input line 6083.
Package hyperref Info: backreferencing OFF on input line 6090.
Package hyperref Info: Link coloring OFF on input line 6095.
Package hyperref Info: Link coloring with OCG OFF on input line 6100.
Package hyperref Info: PDF/A mode OFF on input line 6105.
LaTeX Info: Redefining \ref on input line 6145.
LaTeX Info: Redefining \pageref on input line 6149.

(C:\Program Files\MiKTeX\tex/latex/base\atbegshi-ltx.sty
Package: atbegshi-ltx 2020/08/17 v1.0a Emulation of the original atbegshi packa
ge
with kernel methods
)
\Hy@abspage=\count300
\c@Item=\count301
\c@Hfootnote=\count302
)
Package hyperref Info: Driver (autodetected): hpdftex.

(C:\Program Files\MiKTeX\tex/latex/hyperref\hpdftex.def
File: hpdftex.def 2021-02-27 v7.00k Hyperref driver for pdfTeX

(C:\Program Files\MiKTeX\tex/latex/base\atveryend-ltx.sty
Package: atveryend-ltx 2020/08/19 v1.0a Emulation of the original atvery packag
e
with kernel methods
)
\Fld@listcount=\count303
\c@bookmark@seq@number=\count304

(C:\Users\julih\AppData\Roaming\MiKTeX\tex/latex/rerunfilecheck\rerunfilecheck.
sty
Package: rerunfilecheck 2019/12/05 v1.9 Rerun checks for auxiliary files (HO)
 (C:\Program Files\MiKTeX\tex/generic/uniquecounter\uniquecounter.sty
Package: uniquecounter 2019/12/15 v1.4 Provide unlimited unique counter (HO)
)
Package uniquecounter Info: New unique counter `rerunfilecheck' on input line 2
86.
)
\Hy@SectionHShift=\skip63
)
(C:\Users\julih\AppData\Roaming\MiKTeX\tex/latex/natbib\bibentry.sty
Package: bibentry 2007/10/30 1.5 (PWD)
)
(C:\Users\julih\AppData\Roaming\MiKTeX\tex/latex/booktabs\booktabs.sty
Package: booktabs 2020/01/12 v1.61803398 Publication quality tables
\heavyrulewidth=\dimen186
\lightrulewidth=\dimen187
\cmidrulewidth=\dimen188
\belowrulesep=\dimen189
\belowbottomsep=\dimen190
\aboverulesep=\dimen191
\abovetopsep=\dimen192
\cmidrulesep=\dimen193
\cmidrulekern=\dimen194
\defaultaddspace=\dimen195
\@cmidla=\count305
\@cmidlb=\count306
\@aboverulesep=\dimen196
\@belowrulesep=\dimen197
\@thisruleclass=\count307
\@lastruleclass=\count308
\@thisrulewidth=\dimen198
)
(C:\Program Files\MiKTeX\tex/latex/xcolor\xcolor.sty
Package: xcolor 2016/05/11 v2.12 LaTeX color extensions (UK)

(C:\Program Files\MiKTeX\tex/latex/graphics-cfg\color.cfg
File: color.cfg 2016/01/02 v1.6 sample color configuration
)
Package xcolor Info: Driver file: pdftex.def on input line 225.
Package xcolor Info: Model `cmy' substituted by `cmy0' on input line 1348.
Package xcolor Info: Model `hsb' substituted by `rgb' on input line 1352.
Package xcolor Info: Model `RGB' extended on input line 1364.
Package xcolor Info: Model `HTML' substituted by `rgb' on input line 1366.
Package xcolor Info: Model `Hsb' substituted by `hsb' on input line 1367.
Package xcolor Info: Model `tHsb' substituted by `hsb' on input line 1368.
Package xcolor Info: Model `HSB' substituted by `hsb' on input line 1369.
Package xcolor Info: Model `Gray' substituted by `gray' on input line 1370.
Package xcolor Info: Model `wave' substituted by `hsb' on input line 1371.
)
(C:\Program Files\MiKTeX\tex/latex/pgf/frontendlayer\tikz.sty
(C:\Program Files\MiKTeX\tex/latex/pgf/basiclayer\pgf.sty
(C:\Program Files\MiKTeX\tex/latex/pgf/utilities\pgfrcs.sty
(C:\Program Files\MiKTeX\tex/generic/pgf/utilities\pgfutil-common.tex
\pgfutil@everybye=\toks33
\pgfutil@tempdima=\dimen256
\pgfutil@tempdimb=\dimen257

(C:\Program Files\MiKTeX\tex/generic/pgf/utilities\pgfutil-common-lists.tex))
(C:\Program Files\MiKTeX\tex/generic/pgf/utilities\pgfutil-latex.def
\pgfutil@abb=\box102
)
(C:\Program Files\MiKTeX\tex/generic/pgf/utilities\pgfrcs.code.tex
(C:\Program Files\MiKTeX\tex/generic/pgf\pgf.revision.tex)
Package: pgfrcs 2020/12/27 v3.1.8b (3.1.8b)
))
Package: pgf 2020/12/27 v3.1.8b (3.1.8b)

(C:\Program Files\MiKTeX\tex/latex/pgf/basiclayer\pgfcore.sty
(C:\Program Files\MiKTeX\tex/latex/pgf/systemlayer\pgfsys.sty
(C:\Program Files\MiKTeX\tex/generic/pgf/systemlayer\pgfsys.code.tex
Package: pgfsys 2020/12/27 v3.1.8b (3.1.8b)

(C:\Program Files\MiKTeX\tex/generic/pgf/utilities\pgfkeys.code.tex
\pgfkeys@pathtoks=\toks34
\pgfkeys@temptoks=\toks35

(C:\Program Files\MiKTeX\tex/generic/pgf/utilities\pgfkeysfiltered.code.tex
\pgfkeys@tmptoks=\toks36
))
\pgf@x=\dimen258
\pgf@y=\dimen259
\pgf@xa=\dimen260
\pgf@ya=\dimen261
\pgf@xb=\dimen262
\pgf@yb=\dimen263
\pgf@xc=\dimen264
\pgf@yc=\dimen265
\pgf@xd=\dimen266
\pgf@yd=\dimen267
\w@pgf@writea=\write4
\r@pgf@reada=\read4
\c@pgf@counta=\count309
\c@pgf@countb=\count310
\c@pgf@countc=\count311
\c@pgf@countd=\count312
\t@pgf@toka=\toks37
\t@pgf@tokb=\toks38
\t@pgf@tokc=\toks39
\pgf@sys@id@count=\count313

(C:\Program Files\MiKTeX\tex/generic/pgf/systemlayer\pgf.cfg
File: pgf.cfg 2020/12/27 v3.1.8b (3.1.8b)
)
Driver file for pgf: pgfsys-pdftex.def

(C:\Program Files\MiKTeX\tex/generic/pgf/systemlayer\pgfsys-pdftex.def
File: pgfsys-pdftex.def 2020/12/27 v3.1.8b (3.1.8b)

(C:\Program Files\MiKTeX\tex/generic/pgf/systemlayer\pgfsys-common-pdf.def
File: pgfsys-common-pdf.def 2020/12/27 v3.1.8b (3.1.8b)
)))
(C:\Program Files\MiKTeX\tex/generic/pgf/systemlayer\pgfsyssoftpath.code.tex
File: pgfsyssoftpath.code.tex 2020/12/27 v3.1.8b (3.1.8b)
\pgfsyssoftpath@smallbuffer@items=\count314
\pgfsyssoftpath@bigbuffer@items=\count315
)
(C:\Program Files\MiKTeX\tex/generic/pgf/systemlayer\pgfsysprotocol.code.tex
File: pgfsysprotocol.code.tex 2020/12/27 v3.1.8b (3.1.8b)
))
(C:\Program Files\MiKTeX\tex/generic/pgf/basiclayer\pgfcore.code.tex
Package: pgfcore 2020/12/27 v3.1.8b (3.1.8b)

(C:\Program Files\MiKTeX\tex/generic/pgf/math\pgfmath.code.tex
(C:\Program Files\MiKTeX\tex/generic/pgf/math\pgfmathcalc.code.tex
(C:\Program Files\MiKTeX\tex/generic/pgf/math\pgfmathutil.code.tex)
(C:\Program Files\MiKTeX\tex/generic/pgf/math\pgfmathparser.code.tex
\pgfmath@dimen=\dimen268
\pgfmath@count=\count316
\pgfmath@box=\box103
\pgfmath@toks=\toks40
\pgfmath@stack@operand=\toks41
\pgfmath@stack@operation=\toks42
)
(C:\Program Files\MiKTeX\tex/generic/pgf/math\pgfmathfunctions.code.tex
(C:\Program Files\MiKTeX\tex/generic/pgf/math\pgfmathfunctions.basic.code.tex)
(C:\Program Files\MiKTeX\tex/generic/pgf/math\pgfmathfunctions.trigonometric.co
de.tex)
(C:\Program Files\MiKTeX\tex/generic/pgf/math\pgfmathfunctions.random.code.tex)

(C:\Program Files\MiKTeX\tex/generic/pgf/math\pgfmathfunctions.comparison.code.
tex)
(C:\Program Files\MiKTeX\tex/generic/pgf/math\pgfmathfunctions.base.code.tex)
(C:\Program Files\MiKTeX\tex/generic/pgf/math\pgfmathfunctions.round.code.tex)
(C:\Program Files\MiKTeX\tex/generic/pgf/math\pgfmathfunctions.misc.code.tex)
(C:\Program Files\MiKTeX\tex/generic/pgf/math\pgfmathfunctions.integerarithmeti
cs.code.tex)))
(C:\Program Files\MiKTeX\tex/generic/pgf/math\pgfmathfloat.code.tex
\c@pgfmathroundto@lastzeros=\count317
))
(C:\Program Files\MiKTeX\tex/generic/pgf/math\pgfint.code.tex)
(C:\Program Files\MiKTeX\tex/generic/pgf/basiclayer\pgfcorepoints.code.tex
File: pgfcorepoints.code.tex 2020/12/27 v3.1.8b (3.1.8b)
\pgf@picminx=\dimen269
\pgf@picmaxx=\dimen270
\pgf@picminy=\dimen271
\pgf@picmaxy=\dimen272
\pgf@pathminx=\dimen273
\pgf@pathmaxx=\dimen274
\pgf@pathminy=\dimen275
\pgf@pathmaxy=\dimen276
\pgf@xx=\dimen277
\pgf@xy=\dimen278
\pgf@yx=\dimen279
\pgf@yy=\dimen280
\pgf@zx=\dimen281
\pgf@zy=\dimen282
)
(C:\Program Files\MiKTeX\tex/generic/pgf/basiclayer\pgfcorepathconstruct.code.t
ex
File: pgfcorepathconstruct.code.tex 2020/12/27 v3.1.8b (3.1.8b)
\pgf@path@lastx=\dimen283
\pgf@path@lasty=\dimen284
)
(C:\Program Files\MiKTeX\tex/generic/pgf/basiclayer\pgfcorepathusage.code.tex
File: pgfcorepathusage.code.tex 2020/12/27 v3.1.8b (3.1.8b)
\pgf@shorten@end@additional=\dimen285
\pgf@shorten@start@additional=\dimen286
)
(C:\Program Files\MiKTeX\tex/generic/pgf/basiclayer\pgfcorescopes.code.tex
File: pgfcorescopes.code.tex 2020/12/27 v3.1.8b (3.1.8b)
\pgfpic=\box104
\pgf@hbox=\box105
\pgf@layerbox@main=\box106
\pgf@picture@serial@count=\count318
)
(C:\Program Files\MiKTeX\tex/generic/pgf/basiclayer\pgfcoregraphicstate.code.te
x
File: pgfcoregraphicstate.code.tex 2020/12/27 v3.1.8b (3.1.8b)
\pgflinewidth=\dimen287
)
(C:\Program Files\MiKTeX\tex/generic/pgf/basiclayer\pgfcoretransformations.code
.tex
File: pgfcoretransformations.code.tex 2020/12/27 v3.1.8b (3.1.8b)
\pgf@pt@x=\dimen288
\pgf@pt@y=\dimen289
\pgf@pt@temp=\dimen290
) (C:\Program Files\MiKTeX\tex/generic/pgf/basiclayer\pgfcorequick.code.tex
File: pgfcorequick.code.tex 2020/12/27 v3.1.8b (3.1.8b)
) (C:\Program Files\MiKTeX\tex/generic/pgf/basiclayer\pgfcoreobjects.code.tex
File: pgfcoreobjects.code.tex 2020/12/27 v3.1.8b (3.1.8b)
)
(C:\Program Files\MiKTeX\tex/generic/pgf/basiclayer\pgfcorepathprocessing.code.
tex
File: pgfcorepathprocessing.code.tex 2020/12/27 v3.1.8b (3.1.8b)
) (C:\Program Files\MiKTeX\tex/generic/pgf/basiclayer\pgfcorearrows.code.tex
File: pgfcorearrows.code.tex 2020/12/27 v3.1.8b (3.1.8b)
\pgfarrowsep=\dimen291
) (C:\Program Files\MiKTeX\tex/generic/pgf/basiclayer\pgfcoreshade.code.tex
File: pgfcoreshade.code.tex 2020/12/27 v3.1.8b (3.1.8b)
\pgf@max=\dimen292
\pgf@sys@shading@range@num=\count319
\pgf@shadingcount=\count320
)
(C:\Program Files\MiKTeX\tex/generic/pgf/basiclayer\pgfcoreimage.code.tex
File: pgfcoreimage.code.tex 2020/12/27 v3.1.8b (3.1.8b)

(C:\Program Files\MiKTeX\tex/generic/pgf/basiclayer\pgfcoreexternal.code.tex
File: pgfcoreexternal.code.tex 2020/12/27 v3.1.8b (3.1.8b)
\pgfexternal@startupbox=\box107
))
(C:\Program Files\MiKTeX\tex/generic/pgf/basiclayer\pgfcorelayers.code.tex
File: pgfcorelayers.code.tex 2020/12/27 v3.1.8b (3.1.8b)
)
(C:\Program Files\MiKTeX\tex/generic/pgf/basiclayer\pgfcoretransparency.code.te
x
File: pgfcoretransparency.code.tex 2020/12/27 v3.1.8b (3.1.8b)
) (C:\Program Files\MiKTeX\tex/generic/pgf/basiclayer\pgfcorepatterns.code.tex
File: pgfcorepatterns.code.tex 2020/12/27 v3.1.8b (3.1.8b)
) (C:\Program Files\MiKTeX\tex/generic/pgf/basiclayer\pgfcorerdf.code.tex
File: pgfcorerdf.code.tex 2020/12/27 v3.1.8b (3.1.8b)
)))
(C:\Program Files\MiKTeX\tex/generic/pgf/modules\pgfmoduleshapes.code.tex
File: pgfmoduleshapes.code.tex 2020/12/27 v3.1.8b (3.1.8b)
\pgfnodeparttextbox=\box108
)
(C:\Program Files\MiKTeX\tex/generic/pgf/modules\pgfmoduleplot.code.tex
File: pgfmoduleplot.code.tex 2020/12/27 v3.1.8b (3.1.8b)
)
(C:\Program Files\MiKTeX\tex/latex/pgf/compatibility\pgfcomp-version-0-65.sty
Package: pgfcomp-version-0-65 2020/12/27 v3.1.8b (3.1.8b)
\pgf@nodesepstart=\dimen293
\pgf@nodesepend=\dimen294
)
(C:\Program Files\MiKTeX\tex/latex/pgf/compatibility\pgfcomp-version-1-18.sty
Package: pgfcomp-version-1-18 2020/12/27 v3.1.8b (3.1.8b)
)) (C:\Program Files\MiKTeX\tex/latex/pgf/utilities\pgffor.sty
(C:\Program Files\MiKTeX\tex/latex/pgf/utilities\pgfkeys.sty
(C:\Program Files\MiKTeX\tex/generic/pgf/utilities\pgfkeys.code.tex))
(C:\Program Files\MiKTeX\tex/latex/pgf/math\pgfmath.sty
(C:\Program Files\MiKTeX\tex/generic/pgf/math\pgfmath.code.tex))
(C:\Program Files\MiKTeX\tex/generic/pgf/utilities\pgffor.code.tex
Package: pgffor 2020/12/27 v3.1.8b (3.1.8b)

(C:\Program Files\MiKTeX\tex/generic/pgf/math\pgfmath.code.tex)
\pgffor@iter=\dimen295
\pgffor@skip=\dimen296
\pgffor@stack=\toks43
\pgffor@toks=\toks44
))
(C:\Program Files\MiKTeX\tex/generic/pgf/frontendlayer/tikz\tikz.code.tex
Package: tikz 2020/12/27 v3.1.8b (3.1.8b)

(C:\Program Files\MiKTeX\tex/generic/pgf/libraries\pgflibraryplothandlers.code.
tex
File: pgflibraryplothandlers.code.tex 2020/12/27 v3.1.8b (3.1.8b)
\pgf@plot@mark@count=\count321
\pgfplotmarksize=\dimen297
)
\tikz@lastx=\dimen298
\tikz@lasty=\dimen299
\tikz@lastxsaved=\dimen300
\tikz@lastysaved=\dimen301
\tikz@lastmovetox=\dimen302
\tikz@lastmovetoy=\dimen303
\tikzleveldistance=\dimen304
\tikzsiblingdistance=\dimen305
\tikz@figbox=\box109
\tikz@figbox@bg=\box110
\tikz@tempbox=\box111
\tikz@tempbox@bg=\box112
\tikztreelevel=\count322
\tikznumberofchildren=\count323
\tikznumberofcurrentchild=\count324
\tikz@fig@count=\count325
 (C:\Program Files\MiKTeX\tex/generic/pgf/modules\pgfmodulematrix.code.tex
File: pgfmodulematrix.code.tex 2020/12/27 v3.1.8b (3.1.8b)
\pgfmatrixcurrentrow=\count326
\pgfmatrixcurrentcolumn=\count327
\pgf@matrix@numberofcolumns=\count328
)
\tikz@expandcount=\count329

(C:\Program Files\MiKTeX\tex/generic/pgf/frontendlayer/tikz/libraries\tikzlibra
rytopaths.code.tex
File: tikzlibrarytopaths.code.tex 2020/12/27 v3.1.8b (3.1.8b)
)))
(C:\Program Files\MiKTeX\tex/generic/pgf/frontendlayer/tikz/libraries\tikzlibra
rymatrix.code.tex
File: tikzlibrarymatrix.code.tex 2020/12/27 v3.1.8b (3.1.8b)
)
(C:\Program Files\MiKTeX\tex/generic/pgf/frontendlayer/tikz/libraries\tikzlibra
ryarrows.code.tex
File: tikzlibraryarrows.code.tex 2020/12/27 v3.1.8b (3.1.8b)

(C:\Program Files\MiKTeX\tex/generic/pgf/libraries\pgflibraryarrows.code.tex
File: pgflibraryarrows.code.tex 2020/12/27 v3.1.8b (3.1.8b)
\arrowsize=\dimen306
))
(C:\Program Files\MiKTeX\tex/generic/pgf/frontendlayer/tikz/libraries\tikzlibra
rydecorations.pathmorphing.code.tex
(C:\Program Files\MiKTeX\tex/generic/pgf/frontendlayer/tikz/libraries\tikzlibra
rydecorations.code.tex
(C:\Program Files\MiKTeX\tex/generic/pgf/modules\pgfmoduledecorations.code.tex
\pgfdecoratedcompleteddistance=\dimen307
\pgfdecoratedremainingdistance=\dimen308
\pgfdecoratedinputsegmentcompleteddistance=\dimen309
\pgfdecoratedinputsegmentremainingdistance=\dimen310
\pgf@decorate@distancetomove=\dimen311
\pgf@decorate@repeatstate=\count330
\pgfdecorationsegmentamplitude=\dimen312
\pgfdecorationsegmentlength=\dimen313
)
\tikz@lib@dec@box=\box113
)
(C:\Program Files\MiKTeX\tex/generic/pgf/libraries/decorations\pgflibrarydecora
tions.pathmorphing.code.tex)))
(C:\Users\julih\AppData\Roaming\MiKTeX\tex/latex/natbib\natbib.sty
Package: natbib 2010/09/13 8.31b (PWD, AO)
\bibhang=\skip64
\bibsep=\skip65
LaTeX Info: Redefining \cite on input line 694.
\c@NAT@ctr=\count331
)
(_comandos.tex) (_entornos.tex
\c@thm=\count332
\c@prop=\count333
\c@lem=\count334
\c@cor=\count335
\c@alg=\count336
\c@ans=\count337
\c@defn=\count338
\c@axiom=\count339
\c@problema=\count340
\c@rem=\count341
\c@ilu=\count342
) (_md_comandos.tex) (_md_entornos.tex
\c@conj=\count343
\c@prob=\count344
\c@tdv=\count345
\c@claim=\count346
)
\c@case=\count347

(_trig_comandos.tex)
LaTeX Font Info:    Trying to load font information for OT1+lmr on input line 2
2.
 (C:\Program Files\MiKTeX\tex/latex/lm\ot1lmr.fd
File: ot1lmr.fd 2009/10/30 v1.6 Font defs for Latin Modern
)
(C:\Program Files\MiKTeX\tex/latex/l3backend\l3backend-pdftex.def
File: l3backend-pdftex.def 2021-03-18 L3 backend support: PDF output (pdfTeX)
\l__color_backend_stack_int=\count348
\l__pdf_internal_box=\box114
)
(__main__.aux
LaTeX Info: Redefining \. on input line 22.
LaTeX Info: Redefining \% on input line 22.


LaTeX Warning: Label `exmp:0607' multiply defined.


LaTeX Warning: Label `fig:ayr:23.2' multiply defined.


LaTeX Warning: Label `fig:ayr:23.2' multiply defined.


LaTeX Warning: Label `ayr:exmp:33.1' multiply defined.


LaTeX Warning: Label `ayr:exmp:33.3' multiply defined.


LaTeX Warning: Label `ayr:thm:33.1' multiply defined.


LaTeX Warning: Label `ayr:exmp:33.4' multiply defined.


LaTeX Warning: Label `ayr:exmp:33.5' multiply defined.


LaTeX Warning: Label `ayr:exmp:33.6' multiply defined.


LaTeX Warning: Label `ayr:exmp:33.7' multiply defined.


LaTeX Warning: Label `ayr:33.8' multiply defined.


LaTeX Warning: Label `bron:10.2' multiply defined.


LaTeX Warning: Label `bron:11.1' multiply defined.


LaTeX Warning: Label `bron:11.5' multiply defined.


LaTeX Warning: Label `bron:12.2' multiply defined.


LaTeX Warning: Label `bron:12.3' multiply defined.


LaTeX Warning: Label `fig:0401' multiply defined.

)
\openout1 = `__main__.aux'.

LaTeX Font Info:    Checking defaults for OML/cmm/m/it on input line 22.
LaTeX Font Info:    ... okay on input line 22.
LaTeX Font Info:    Checking defaults for OMS/cmsy/m/n on input line 22.
LaTeX Font Info:    ... okay on input line 22.
LaTeX Font Info:    Checking defaults for OT1/cmr/m/n on input line 22.
LaTeX Font Info:    ... okay on input line 22.
LaTeX Font Info:    Checking defaults for T1/cmr/m/n on input line 22.
LaTeX Font Info:    ... okay on input line 22.
LaTeX Font Info:    Checking defaults for TS1/cmr/m/n on input line 22.
LaTeX Font Info:    ... okay on input line 22.
LaTeX Font Info:    Checking defaults for OMX/cmex/m/n on input line 22.
LaTeX Font Info:    ... okay on input line 22.
LaTeX Font Info:    Checking defaults for U/cmr/m/n on input line 22.
LaTeX Font Info:    ... okay on input line 22.
LaTeX Font Info:    Checking defaults for LY/yfrak/m/n on input line 22.
LaTeX Font Info:    ... okay on input line 22.
LaTeX Font Info:    Checking defaults for LYG/ygoth/m/n on input line 22.
LaTeX Font Info:    ... okay on input line 22.
LaTeX Font Info:    Checking defaults for PD1/pdf/m/n on input line 22.
LaTeX Font Info:    ... okay on input line 22.
LaTeX Font Info:    Checking defaults for PU/pdf/m/n on input line 22.
LaTeX Font Info:    ... okay on input line 22.
LaTeX Font Info:    Trying to load font information for OML+lmm on input line 2
2.
 (C:\Program Files\MiKTeX\tex/latex/lm\omllmm.fd
File: omllmm.fd 2009/10/30 v1.6 Font defs for Latin Modern
)
LaTeX Font Info:    Trying to load font information for OMS+lmsy on input line 
22.

(C:\Program Files\MiKTeX\tex/latex/lm\omslmsy.fd
File: omslmsy.fd 2009/10/30 v1.6 Font defs for Latin Modern
)
LaTeX Font Info:    Trying to load font information for OMX+lmex on input line 
22.

(C:\Program Files\MiKTeX\tex/latex/lm\omxlmex.fd
File: omxlmex.fd 2009/10/30 v1.6 Font defs for Latin Modern
)
LaTeX Font Info:    External font `lmex10' loaded for size
(Font)              <8> on input line 22.
LaTeX Font Info:    External font `lmex10' loaded for size
(Font)              <6> on input line 22.
LaTeX Font Info:    External font `lmex10' loaded for size
(Font)              <5> on input line 22.
LaTeX Font Info:    Trying to load font information for U+msa on input line 22.


(C:\Program Files\MiKTeX\tex/latex/amsfonts\umsa.fd
File: umsa.fd 2013/01/14 v3.01 AMS symbols A
)
LaTeX Font Info:    Trying to load font information for U+msb on input line 22.


(C:\Program Files\MiKTeX\tex/latex/amsfonts\umsb.fd
File: umsb.fd 2013/01/14 v3.01 AMS symbols B
)
LaTeX Font Info:    Trying to load font information for U+rsfs on input line 22
.

(C:\Users\julih\AppData\Roaming\MiKTeX\tex/latex/jknappen\ursfs.fd
File: ursfs.fd 1998/03/24 rsfs font definition file (jk)
)
LaTeX Font Info:    External font `lmex10' loaded for size
(Font)              <10> on input line 22.
LaTeX Font Info:    External font `lmex10' loaded for size
(Font)              <7> on input line 22.

(C:\Program Files\MiKTeX\tex/context/base/mkii\supp-pdf.mkii
[Loading MPS to PDF converter (version 2006.09.02).]
\scratchcounter=\count349
\scratchdimen=\dimen314
\scratchbox=\box115
\nofMPsegments=\count350
\nofMParguments=\count351
\everyMPshowfont=\toks45
\MPscratchCnt=\count352
\MPscratchDim=\dimen315
\MPnumerator=\count353
\makeMPintoPDFobject=\count354
\everyMPtoPDFconversion=\toks46
) (C:\Program Files\MiKTeX\tex/latex/epstopdf-pkg\epstopdf-base.sty
Package: epstopdf-base 2020-01-24 v2.11 Base part for package epstopdf
Package epstopdf-base Info: Redefining graphics rule for `.eps' on input line 4
85.

(C:\Program Files\MiKTeX\tex/latex/00miktex\epstopdf-sys.cfg
File: epstopdf-sys.cfg 2021/03/18 v2.0 Configuration of epstopdf for MiKTeX
))
LaTeX Info: Redefining \. on input line 22.
LaTeX Info: Redefining \% on input line 22.
Package hyperref Info: Link coloring OFF on input line 22.

(C:\Program Files\MiKTeX\tex/latex/hyperref\nameref.sty
Package: nameref 2021-04-02 v2.47 Cross-referencing by name of section

(C:\Users\julih\AppData\Roaming\MiKTeX\tex/latex/refcount\refcount.sty
Package: refcount 2019/12/15 v3.6 Data extraction from label references (HO)
)
(C:\Users\julih\AppData\Roaming\MiKTeX\tex/generic/gettitlestring\gettitlestrin
g.sty
Package: gettitlestring 2019/12/15 v1.6 Cleanup title references (HO)
)
\c@section@level=\count355
)
LaTeX Info: Redefining \ref on input line 22.
LaTeX Info: Redefining \pageref on input line 22.
LaTeX Info: Redefining \nameref on input line 22.
 (__main__.out) (__main__.out)
\@outlinefile=\write5
\openout5 = `__main__.out'.

LaTeX Font Info:    Trying to load font information for OT1+lmtt on input line 
24.

(C:\Program Files\MiKTeX\tex/latex/lm\ot1lmtt.fd
File: ot1lmtt.fd 2009/10/30 v1.6 Font defs for Latin Modern
) [1


{C:/Users/julih/AppData/Local/MiKTeX/pdftex/config/pdftex.map}] [2]
\'{I}ndice general
(__main__.toc
LaTeX Info: Redefining \. on input line 1.
LaTeX Info: Redefining \% on input line 1.
 [3


] [4])
\tf@toc=\write6
\openout6 = `__main__.toc'.

 [5] [6


]

Package hyperref Warning: Token not allowed in a PDF string (Unicode):
(hyperref)                removing `\leavevmode@ifvmode' on input line 27.


Package hyperref Warning: Token not allowed in a PDF string (Unicode):
(hyperref)                \kern 5.0pt
(hyperref)                replaced by space on input line 27.


Package hyperref Warning: Token not allowed in a PDF string (Unicode):
(hyperref)                removing `\noindent' on input line 27.

[7] [8


]
Cap\'{\i }tulo 1
(numeros_enteros.tex [9]) (numeros_racionales.tex [10] [11] [12])
(razones_proporciones.tex [13]
LaTeX Font Info:    Trying to load font information for TS1+lmr on input line 3
6.
 (C:\Program Files\MiKTeX\tex/latex/lm\ts1lmr.fd
File: ts1lmr.fd 2009/10/30 v1.6 Font defs for Latin Modern
) [14]) (teorema_fundamental_aritmetica.tex [15]
Overfull \hbox (32.48232pt too wide) in paragraph at lines 89--91
[]
 []

[16]) (numeros_reales.tex
<./calculo/fig-01-01--recta_numerica.png, id=664, 532.99126pt x 63.23625pt>
File: ./calculo/fig-01-01--recta_numerica.png Graphic file (type png)
<use ./calculo/fig-01-01--recta_numerica.png>
Package pdftex.def Info: ./calculo/fig-01-01--recta_numerica.png  used on input
 line 37.
(pdftex.def)             Requested size: 288.0011pt x 34.17021pt.
 [17 <./calculo/fig-01-01--recta_numerica.png (PNG copy)>] [18]) (funciones.tex
 [19] [20] [21] [22]) (numeros_complejos.tex [23])
(plano_complejo.tex [24] [25] [26]) [27] [28


]
Cap\'{\i }tulo 2
(reduccion_terminos_semejantes.tex [29]) (supresion_signos_agrupacion.tex)
(multiplicacion_polinomios.tex [30]) (productos_notables.tex [31])
(sumas_diferencias_potencias.tex [32]) [33] [34


]
Cap\'{\i }tulo 3
(division_sintetica.tex [35]) (teorema_ceros_racionales.tex [36])
(algoritmo_factorizacion.tex [37]
Overfull \hbox (23.87123pt too wide) in paragraph at lines 137--138
[]\OT1/lmr/m/n/10 Enlistar
 []

[38]) (criterios_evaluar_raices.tex [39]) (ecuaciones_segundo_grado.tex
<./precalculo/IM020401.png, id=1122, 663.4386pt x 328.8285pt>
File: ./precalculo/IM020401.png Graphic file (type png)
<use ./precalculo/IM020401.png>
Package pdftex.def Info: ./precalculo/IM020401.png  used on input line 11.
(pdftex.def)             Requested size: 287.03448pt x 142.26378pt.

[40 <./precalculo/IM020401.png>]
<./precalculo/IM0301.png, id=1136, 2836.5975pt x 1433.1141pt>
File: ./precalculo/IM0301.png Graphic file (type png)
<use ./precalculo/IM0301.png>
Package pdftex.def Info: ./precalculo/IM0301.png  used on input line 149.
(pdftex.def)             Requested size: 281.5555pt x 142.26378pt.
 [41 <./precalculo/IM0301.png>] [42]) [43]
[44


]
Cap\'{\i }tulo 4
(trigonometria.tex
<./trig/algsup3-01.png, id=1201, 198.7425pt x 206.27063pt>
File: ./trig/algsup3-01.png Graphic file (type png)
<use ./trig/algsup3-01.png>
Package pdftex.def Info: ./trig/algsup3-01.png  used on input line 12.
(pdftex.def)             Requested size: 219.31793pt x 227.62204pt.

Overfull \hbox (1.644pt too wide) in paragraph at lines 25--26
[]\OT1/lmr/m/n/10 LAL\OT1/lmr/m/it/10 : Dos la-dos y su angu-
 []

<./trig/algsup3-02.png, id=1202, 133.24782pt x 520.19344pt>
File: ./trig/algsup3-02.png Graphic file (type png)
<use ./trig/algsup3-02.png>
Package pdftex.def Info: ./trig/algsup3-02.png  used on input line 41.
(pdftex.def)             Requested size: 56.9055pt x 222.15482pt.

Underfull \hbox (badness 10000) in paragraph at lines 35--44
 \OT1/lmr/bx/n/10 1.2. Tri[]angu-los se-me-jan-tes.[] \OT1/lmr/m/n/10 [t]
 []


Underfull \hbox (badness 3098) in paragraph at lines 46--49
[]\OT1/lmr/m/n/10 Diremos que dos triangu-los $\OMS/lmsy/m/n/10 4\OML/lmm/m/it
/10 ABC$ \OT1/lmr/m/n/10 y
 []

[45 <./trig/algsup3-01.png> <./trig/algsup3-02.png>]
<./trig/trig9446.png, id=1209, 407.27156pt x 420.06938pt>
File: ./trig/trig9446.png Graphic file (type png)
<use ./trig/trig9446.png>
Package pdftex.def Info: ./trig/trig9446.png  used on input line 67.
(pdftex.def)             Requested size: 142.26378pt x 146.73163pt.
<./trig/trig9447.png, id=1210, 679.78969pt x 328.22626pt>
File: ./trig/trig9447.png Graphic file (type png)
<use ./trig/trig9447.png>
Package pdftex.def Info: ./trig/trig9447.png  used on input line 83.
(pdftex.def)             Requested size: 142.26378pt x 68.68915pt.


Package wrapfig Warning: Collision between wrapping environments on input line 
94.


Package wrapfig Warning: wrapfigure used inside a conflicting environment on in
put line 94.

<./trig/trig9448.png, id=1211, 194.97844pt x 141.52875pt>
File: ./trig/trig9448.png Graphic file (type png)
<use ./trig/trig9448.png>
Package pdftex.def Info: ./trig/trig9448.png  used on input line 99.
(pdftex.def)             Requested size: 142.26378pt x 103.26761pt.
<./trig/trig94thm.png, id=1212, 558.58687pt x 382.42876pt>
File: ./trig/trig94thm.png Graphic file (type png)
<use ./trig/trig94thm.png>
Package pdftex.def Info: ./trig/trig94thm.png  used on input line 115.
(pdftex.def)             Requested size: 142.26378pt x 97.3984pt.

Package wrapfig Warning: Collision between wrapping environments on input line 
131.

<./trig/trig9450.png, id=1213, 505.89pt x 277.78781pt>
File: ./trig/trig9450.png Graphic file (type png)
<use ./trig/trig9450.png>
Package pdftex.def Info: ./trig/trig9450.png  used on input line 136.
(pdftex.def)             Requested size: 142.26378pt x 78.11914pt.

Package wrapfig Warning: Stationary wrapfigure forced to float on input line 14
1.


Package wrapfig Warning: Stationary wrapfigure forced to float on input line 14
5.


Package wrapfig Warning: Collision between wrapping environments on input line 
148.


Package wrapfig Warning: wrapfigure used inside a conflicting environment on in
put line 148.

<./trig/trig9451.png, id=1214, 179.16937pt x 221.32687pt>
File: ./trig/trig9451.png Graphic file (type png)
<use ./trig/trig9451.png>
Package pdftex.def Info: ./trig/trig9451.png  used on input line 153.
(pdftex.def)             Requested size: 142.26378pt x 175.748pt.
[46 <./trig/trig9446.png> <./trig/trig9447.png> <./trig/trig9448.png> <./trig/t
rig94thm.png>]

Package wrapfig Warning: Stationary wrapfigure forced to float on input line 15
7.


Package wrapfig Warning: Stationary wrapfigure forced to float on input line 16
2.

<./trig/trig_101-1.png, id=1226, 834.11626pt x 408.77719pt>
File: ./trig/trig_101-1.png Graphic file (type png)
<use ./trig/trig_101-1.png>
Package pdftex.def Info: ./trig/trig_101-1.png  used on input line 167.
(pdftex.def)             Requested size: 284.52756pt x 139.43773pt.
<./trig/trig_101-2.png, id=1227, 209.28188pt x 135.50626pt>
File: ./trig/trig_101-2.png Graphic file (type png)
<use ./trig/trig_101-2.png>
Package pdftex.def Info: ./trig/trig_101-2.png  used on input line 176.
(pdftex.def)             Requested size: 284.52756pt x 184.22607pt.
<./trig/trig_101-3.png, id=1228, 350.81062pt x 182.93344pt>
File: ./trig/trig_101-3.png Graphic file (type png)
<use ./trig/trig_101-3.png>
Package pdftex.def Info: ./trig/trig_101-3.png  used on input line 185.
(pdftex.def)             Requested size: 284.52756pt x 148.37903pt.

LaTeX Warning: `h' float specifier changed to `ht'.

<./trig/trig_101-4.png, id=1229, 188.95593pt x 161.10187pt>
File: ./trig/trig_101-4.png Graphic file (type png)
<use ./trig/trig_101-4.png>
Package pdftex.def Info: ./trig/trig_101-4.png  used on input line 194.
(pdftex.def)             Requested size: 284.52756pt x 242.60599pt.

LaTeX Warning: `h' float specifier changed to `ht'.

<./trig/trig_101-5.png, id=1230, 493.845pt x 111.41624pt>
File: ./trig/trig_101-5.png Graphic file (type png)
<use ./trig/trig_101-5.png>
Package pdftex.def Info: ./trig/trig_101-5.png  used on input line 203.
(pdftex.def)             Requested size: 284.52756pt x 64.19135pt.

LaTeX Warning: `h' float specifier changed to `ht'.

<./trig/trig_101-tab1.png, id=1231, 581.92406pt x 420.06938pt>
File: ./trig/trig_101-tab1.png Graphic file (type png)
<use ./trig/trig_101-tab1.png>
Package pdftex.def Info: ./trig/trig_101-tab1.png  used on input line 212.
(pdftex.def)             Requested size: 227.62204pt x 164.30713pt.

LaTeX Warning: `h' float specifier changed to `ht'.

<./trig/sull0610.png, id=1232, 569.12625pt x 355.3275pt>
File: ./trig/sull0610.png Graphic file (type png)
<use ./trig/sull0610.png>
Package pdftex.def Info: ./trig/sull0610.png  used on input line 235.
(pdftex.def)             Requested size: 227.86357pt x 142.26378pt.
[47 <./trig/trig9450.png> <./trig/trig_101-1.png> <./trig/trig_101-2.png> <./tr
ig/trig9451.png>]

LaTeX Warning: `h' float specifier changed to `ht'.

[48 <./trig/trig_101-3.png> <./trig/trig_101-4.png> <./trig/trig_101-5.png>]
<./trig/sull6112.png, id=1247, 190.46156pt x 152.06813pt>
File: ./trig/sull6112.png Graphic file (type png)
<use ./trig/sull6112.png>
Package pdftex.def Info: ./trig/sull6112.png  used on input line 268.
(pdftex.def)             Requested size: 178.18526pt x 142.26378pt.

[49 <./trig/trig_101-tab1.png> <./trig/sull0610.png> <./trig/sull6112.png>]
Overfull \hbox (7.01958pt too wide) in paragraph at lines 298--299
[]\OT1/lmr/m/n/10 Convierta $35[]$ a ra-dia-nes, ex-presando-lo co-mo un mult
i-
 []

<./trig/sull61t1.png, id=1257, 617.30624pt x 143.03438pt>
File: ./trig/sull61t1.png Graphic file (type png)
<use ./trig/sull61t1.png>
Package pdftex.def Info: ./trig/sull61t1.png  used on input line 308.
(pdftex.def)             Requested size: 284.52756pt x 65.92755pt.
<./trig/sull113.png, id=1258, 579.66562pt x 298.11375pt>
File: ./trig/sull113.png Graphic file (type png)
<use ./trig/sull113.png>
Package pdftex.def Info: ./trig/sull113.png  used on input line 325.
(pdftex.def)             Requested size: 284.52756pt x 146.3272pt.
<./trig/sull614.png, id=1259, 161.85469pt x 150.5625pt>
File: ./trig/sull614.png Graphic file (type png)
<use ./trig/sull614.png>
Package pdftex.def Info: ./trig/sull614.png  used on input line 341.
(pdftex.def)             Requested size: 152.94853pt x 142.26378pt.

LaTeX Warning: `h' float specifier changed to `ht'.

<./trig/sull6115.png, id=1260, 147.55125pt x 158.09062pt>
File: ./trig/sull6115.png Graphic file (type png)
<use ./trig/sull6115.png>
Package pdftex.def Info: ./trig/sull6115.png  used on input line 349.
(pdftex.def)             Requested size: 132.78812pt x 142.26378pt.

LaTeX Warning: `h' float specifier changed to `ht'.

[50 <./trig/sull61t1.png> <./trig/sull113.png>]
<./trig/sull6116.png, id=1268, 205.5178pt x 162.6075pt>
File: ./trig/sull6116.png Graphic file (type png)
<use ./trig/sull6116.png>
Package pdftex.def Info: ./trig/sull6116.png  used on input line 381.
(pdftex.def)             Requested size: 179.81822pt x 142.26378pt.


LaTeX Warning: `h' float specifier changed to `ht'.

[51 <./trig/sull614.png> <./trig/sull6115.png>]
<./trig/sull6117.png, id=1281, 199.49532pt x 191.21437pt>
File: ./trig/sull6117.png Graphic file (type png)
<use ./trig/sull6117.png>
Package pdftex.def Info: ./trig/sull6117.png  used on input line 413.
(pdftex.def)             Requested size: 142.26378pt x 136.36418pt.


Package wrapfig Warning: Stationary wrapfigure forced to float on input line 41
9.


Package wrapfig Warning: Stationary wrapfigure forced to float on input line 42
6.


Package wrapfig Warning: Stationary wrapfigure forced to float on input line 43
3.

<./trig/sull0618.png, id=1282, 440.39531pt x 282.30469pt>
File: ./trig/sull0618.png Graphic file (type png)
<use ./trig/sull0618.png>
Package pdftex.def Info: ./trig/sull0618.png  used on input line 438.
(pdftex.def)             Requested size: 284.52756pt x 182.39311pt.

Underfull \hbox (badness 1990) in paragraph at lines 446--448
[][][]\OT1/lmr/m/sc/10 Definici[]on \OT1/lmr/m/n/10 4.1 (Fun-cio-nes tri-go-
 []

[52 <./trig/sull6116.png> <./trig/sull0618.png> <./trig/sull6117.png>]

Package wrapfig Warning: wrapfigure used inside a conflicting environment on in
put line 448.

<./trig/sull0619.png, id=1292, 235.63031pt x 152.82094pt>
File: ./trig/sull0619.png Graphic file (type png)
<use ./trig/sull0619.png>
Package pdftex.def Info: ./trig/sull0619.png  used on input line 470.
(pdftex.def)             Requested size: 284.52756pt x 184.53612pt.
<./trig/sull0620.png, id=1293, 875.52094pt x 199.49532pt>
File: ./trig/sull0620.png Graphic file (type png)
<use ./trig/sull0620.png>
Package pdftex.def Info: ./trig/sull0620.png  used on input line 486.
(pdftex.def)             Requested size: 284.52756pt x 64.83215pt.

Overfull \hbox (9.4935pt too wide) in paragraph at lines 492--493
\OT1/lmr/m/n/10 una fun-cion tri-go-nometri-ca en angu-los siem-
 []

[53 <./trig/sull0619.png> <./trig/sull0620.png>]
<./trig/sull06t2.png, id=1301, 902.6222pt x 232.61906pt>
File: ./trig/sull06t2.png Graphic file (type png)
<use ./trig/sull06t2.png>
Package pdftex.def Info: ./trig/sull06t2.png  used on input line 514.
(pdftex.def)             Requested size: 312.9803pt x 80.66185pt.
<./trig/sull0624.png, id=1302, 591.71063pt x 209.28188pt>
File: ./trig/sull0624.png Graphic file (type png)
<use ./trig/sull0624.png>
Package pdftex.def Info: ./trig/sull0624.png  used on input line 554.
(pdftex.def)             Requested size: 284.52756pt x 100.63617pt.
<./trig/sull06t3.png, id=1303, 619.56468pt x 200.24812pt>
File: ./trig/sull06t3.png Graphic file (type png)
<use ./trig/sull06t3.png>
Package pdftex.def Info: ./trig/sull06t3.png  used on input line 577.
(pdftex.def)             Requested size: 312.9803pt x 101.15659pt.


LaTeX Warning: `h' float specifier changed to `ht'.


Overfull \hbox (2.42743pt too wide) in paragraph at lines 585--586
[][][]\OT1/lmr/m/sc/10 Problema \OT1/lmr/m/n/10 4.25\OT1/lmr/m/sc/10 . []\OT1/l
mr/m/n/10 Un re-co-lec-tor de llu-
 []

[54 <./trig/sull06t2.png> <./trig/sull0624.png>]
<./trig/sull0627.png, id=1313, 256.70906pt x 153.57375pt>
File: ./trig/sull0627.png Graphic file (type png)
<use ./trig/sull0627.png>
Package pdftex.def Info: ./trig/sull0627.png  used on input line 591.
(pdftex.def)             Requested size: 284.52756pt x 170.2275pt.
 [55 <./trig/sull06t3.png> <./trig/sull0627.png>]
<./trig/sull0712.png, id=1322, 493.845pt x 200.24812pt>
File: ./trig/sull0712.png Graphic file (type png)
<use ./trig/sull0712.png>
Package pdftex.def Info: ./trig/sull0712.png  used on input line 765.
(pdftex.def)             Requested size: 284.52756pt x 115.37094pt.
<./trig/sull0713.png, id=1323, 200.24812pt x 191.21437pt>
File: ./trig/sull0713.png Graphic file (type png)
<use ./trig/sull0713.png>
Package pdftex.def Info: ./trig/sull0713.png  used on input line 775.
(pdftex.def)             Requested size: 208.58925pt x 199.16928pt.
<./trig/sull0714.png, id=1324, 399.74344pt x 390.70969pt>
File: ./trig/sull0714.png Graphic file (type png)
<use ./trig/sull0714.png>
Package pdftex.def Info: ./trig/sull0714.png  used on input line 786.
(pdftex.def)             Requested size: 203.77495pt x 199.16928pt.


LaTeX Warning: `h' float specifier changed to `ht'.

<./trig/arctan.png, id=1325, 565.8741pt x 138.7584pt>
File: ./trig/arctan.png Graphic file (type png)
<use ./trig/arctan.png>
Package pdftex.def Info: ./trig/arctan.png  used on input line 795.
(pdftex.def)             Requested size: 284.52756pt x 69.77072pt.

LaTeX Warning: `h' float specifier changed to `ht'.

[56 <./trig/sull0712.png> <./trig/sull0713.png>]
Overfull \hbox (5.51616pt too wide) in paragraph at lines 826--827
 \OT1/lmr/bx/n/10 4.3. Vec-to-res.[] \OT1/lmr/m/n/10 Di-re-mos que un vec-
 []


Overfull \hbox (2.35948pt too wide) in paragraph at lines 826--827
\OT1/lmr/m/n/10 tor $\OMS/lmsy/m/n/10 h\OML/lmm/m/it/10 x; y\OMS/lmsy/m/n/10 i$
 \OT1/lmr/m/n/10 es-ta en su \OT1/lmr/m/it/10 for-ma po-lar (estandar)
 []

<./trig/Examples_of_Polar_Coordinates.png, id=1334, 321.2pt x 264.99pt>
File: ./trig/Examples_of_Polar_Coordinates.png Graphic file (type png)
<use ./trig/Examples_of_Polar_Coordinates.png>
Package pdftex.def Info: ./trig/Examples_of_Polar_Coordinates.png  used on inpu
t line 834.
(pdftex.def)             Requested size: 172.44069pt x 142.26378pt.

Underfull \vbox (badness 10000) has occurred while \output is active []

 [57 <./trig/sull0714.png> <./trig/arctan.png>]
Overfull \hbox (1.53822pt too wide) in paragraph at lines 856--857
[][][]\OT1/lmr/m/sc/10 Problema \OT1/lmr/m/n/10 4.28\OT1/lmr/m/sc/10 . []\OT1/l
mr/m/n/10 Su-pon-ga que en una
 []

<./trig/angulo_vision.png, id=1342, 498.36188pt x 283.0575pt>
File: ./trig/angulo_vision.png Graphic file (type png)
<use ./trig/angulo_vision.png>
Package pdftex.def Info: ./trig/angulo_vision.png  used on input line 863.
(pdftex.def)             Requested size: 284.52756pt x 161.60791pt.
) [58 <./trig/Examples_of_Polar_Coordinates.png> <./trig/angulo_vision.png>]
Cap\'{\i }tulo 5
(trigonometria_analitica.tex
<./trig/sull0628.png, id=1352, 456.20438pt x 152.06813pt>
File: ./trig/sull0628.png Graphic file (type png)
<use ./trig/sull0628.png>
Package pdftex.def Info: ./trig/sull0628.png  used on input line 44.
(pdftex.def)             Requested size: 312.9803pt x 104.32846pt.
 [59


 <./trig/sull0628.png>]
<./trig/sull0641.png, id=1361, 230.36063pt x 213.04594pt>
File: ./trig/sull0641.png Graphic file (type png)
<use ./trig/sull0641.png>
Package pdftex.def Info: ./trig/sull0641.png  used on input line 145.
(pdftex.def)             Requested size: 246.13542pt x 227.62204pt.


LaTeX Warning: `h' float specifier changed to `ht'.

[60]
<./trig/sull0642.png, id=1370, 247.67531pt x 203.25937pt>
File: ./trig/sull0642.png Graphic file (type png)
<use ./trig/sull0642.png>
Package pdftex.def Info: ./trig/sull0642.png  used on input line 163.
(pdftex.def)             Requested size: 277.37177pt x 227.62204pt.
 [61 <./trig/sull0641.png> <./trig/sull0642.png>]
<./trig/sull0443.png, id=1378, 240.9pt x 205.5178pt>
File: ./trig/sull0443.png Graphic file (type png)
<use ./trig/sull0443.png>
Package pdftex.def Info: ./trig/sull0443.png  used on input line 181.
(pdftex.def)             Requested size: 266.81033pt x 227.62204pt.
 [62 <./trig/sull0443.png>]) [63] [64


]

Package hyperref Warning: Token not allowed in a PDF string (Unicode):
(hyperref)                removing `\leavevmode@ifvmode' on input line 64.


Package hyperref Warning: Token not allowed in a PDF string (Unicode):
(hyperref)                \kern 5.0pt
(hyperref)                replaced by space on input line 64.


Package hyperref Warning: Token not allowed in a PDF string (Unicode):
(hyperref)                removing `\noindent' on input line 64.

[65] [66


]
Cap\'{\i }tulo 6
(sistemas_ecuaciones_lineales.tex
Overfull \hbox (1.12875pt too wide) in paragraph at lines 7--8
 \OT1/lmr/bx/n/10 1.1. Sis-te-mas de Dos Ecua-cio-nes Li-nea-les.[] \OT1/lmr/m/
n/10 Su-pon-ga-mos que $\OML/lmm/m/it/10 a[]; b[]; c[]; i \OT1/lmr/m/n/10 =
 []


LaTeX Warning: Reference `sp152' on page 67 undefined on input line 49.


LaTeX Warning: Reference `sp152' on page 67 undefined on input line 60.

<./precalculo/IM0401.png, id=1415, 293.29575pt x 164.0529pt>
File: ./precalculo/IM0401.png Graphic file (type png)
<use ./precalculo/IM0401.png>
Package pdftex.def Info: ./precalculo/IM0401.png  used on input line 73.
(pdftex.def)             Requested size: 254.34624pt x 142.26378pt.
<./precalculo/IM0402.png, id=1416, 890.5772pt x 300.3722pt>
File: ./precalculo/IM0402.png Graphic file (type png)
<use ./precalculo/IM0402.png>
Package pdftex.def Info: ./precalculo/IM0402.png  used on input line 84.
(pdftex.def)             Requested size: 341.43306pt x 115.15552pt.
) (determinantes.tex [67] [68 <./precalculo/IM0401.png> <./precalculo/IM0402.pn
g>] [69]) (fracciones_parciales_0.tex [70]) (fracciones_parciales_1.tex
[71]) (fracciones_parciales_2.tex) [72]
Cap\'{\i }tulo 7
(espacios_vectoriales.tex [73


]

Package natbib Warning: Citation `G' on page 74 undefined on input line 86.


Package natbib Warning: Citation `HK' on page 74 undefined on input line 86.

[74]) (subespacios_vectoriales.tex [75]

Package natbib Warning: Citation `G' on page 76 undefined on input line 97.


Package natbib Warning: Citation `HK' on page 76 undefined on input line 97.

[76]) (transformaciones_lineales.tex [77] [78] [79]) (nucleo_e_imagen.tex
[80] [81]) (bases_y_dimension.tex [82] [83]) (coordenadas.tex [84] [85]
[86]
Overfull \hbox (36.66618pt too wide) in paragraph at lines 165--189
[] []
 []

[87]
Overfull \hbox (36.66618pt too wide) in paragraph at lines 192--212
[] []
 []


Overfull \hbox (6.21664pt too wide) in paragraph at lines 224--226
[]\OT1/lmr/m/n/10 Por la pro-po-si-cion []7.7[], sa-be-mos que $\OML/lmm/m/it/
10 P[] \OT1/lmr/m/n/10 = \OML/lmm/m/it/10 P[]$ \OT1/lmr/m/n/10 y usan-do nue-va
-men-te \OT1/lmtt/m/n/10 WxMaxima\OT1/lmr/m/n/10 ,
 []


Overfull \hbox (36.66618pt too wide) in paragraph at lines 228--248
[] []
 []

[88]) [89] [90


]
Cap\'{\i }tulo 8
(valores_propios.tex [91]
Overfull \hbox (36.66618pt too wide) in paragraph at lines 135--160
[] []
 []

[92]
Overfull \hbox (36.66618pt too wide) in paragraph at lines 163--186
[] []
 []


Overfull \hbox (223.22873pt too wide) in paragraph at lines 187--210
[]\OT1/lmr/m/n/10 Finalmente, fac-to-ri-za-mos el po-li-no-mio. [] []
 []


Overfull \hbox (36.66618pt too wide) in paragraph at lines 214--234
[] []
 []


Overfull \hbox (36.66618pt too wide) in paragraph at lines 239--261
[] []
 []


Package natbib Warning: Citation `G' on page 93 undefined on input line 265.

[93]) (vectores_propios.tex [94]
Overfull \hbox (36.66618pt too wide) in paragraph at lines 64--88
[] []
 []


Overfull \hbox (36.66618pt too wide) in paragraph at lines 92--112
[] []
 []

) (diagonalizacion.tex [95]
Overfull \hbox (36.66618pt too wide) in paragraph at lines 34--58
[] []
 []


Overfull \hbox (36.66618pt too wide) in paragraph at lines 63--83
[] []
 []


Overfull \hbox (36.66618pt too wide) in paragraph at lines 84--104
[] []
 []

[96]

LaTeX Warning: Reference `fig:cd' on page 97 undefined on input line 147.


Overfull \hbox (36.66618pt too wide) in paragraph at lines 174--198
[] []
 []

[97]
Overfull \hbox (36.66618pt too wide) in paragraph at lines 202--222
[] []
 []


Overfull \hbox (36.66618pt too wide) in paragraph at lines 241--265
[] []
 []


Overfull \hbox (36.66618pt too wide) in paragraph at lines 267--288
[] []
 []


Overfull \hbox (36.66618pt too wide) in paragraph at lines 291--311
[] []
 []

[98]) [99] [100


]

Package hyperref Warning: Token not allowed in a PDF string (Unicode):
(hyperref)                removing `\leavevmode@ifvmode' on input line 87.


Package hyperref Warning: Token not allowed in a PDF string (Unicode):
(hyperref)                \kern 5.0pt
(hyperref)                replaced by space on input line 87.


Package hyperref Warning: Token not allowed in a PDF string (Unicode):
(hyperref)                removing `\noindent' on input line 87.

[101] [102


]
Cap\'{\i }tulo 9
(limites_continuidad.tex

LaTeX Font Warning: Font shape `OT1/lmr/m/scit' undefined
(Font)              using `OT1/lmr/m/scsl' instead on input line 80.


LaTeX Font Warning: Font shape `OT1/lmr/m/scit' undefined
(Font)              using `OT1/lmr/m/scsl' instead on input line 82.

[103]

LaTeX Font Warning: Font shape `OT1/lmr/m/scit' undefined
(Font)              using `OT1/lmr/m/scsl' instead on input line 84.


LaTeX Font Warning: Font shape `OT1/lmr/m/scit' undefined
(Font)              using `OT1/lmr/m/scsl' instead on input line 86.

) (derivadas.tex [104]
<./calculo/formulas_derivadas_01.png, id=1889, 609.77812pt x 165.61874pt>
File: ./calculo/formulas_derivadas_01.png Graphic file (type png)
<use ./calculo/formulas_derivadas_01.png>
Package pdftex.def Info: ./calculo/formulas_derivadas_01.png  used on input lin
e 82.
(pdftex.def)             Requested size: 251.9989pt x 68.44492pt.
<./calculo/formulas_derivadas_02.png, id=1890, 612.03656pt x 332.74312pt>
File: ./calculo/formulas_derivadas_02.png Graphic file (type png)
<use ./calculo/formulas_derivadas_02.png>
Package pdftex.def Info: ./calculo/formulas_derivadas_02.png  used on input lin
e 93.
(pdftex.def)             Requested size: 251.9989pt x 136.99928pt.
 [105 <./calculo/formulas_derivadas_01.png (PNG copy)> <./calculo/formulas_deri
vadas_02.png (PNG copy)>]
Underfull \hbox (badness 10000) in paragraph at lines 169--170

 []

[106]) (derivacion_implicita.tex [107]) (derivacion_logaritmica.tex [108]
[109]) (linealizacion.tex
<./calculo/sqrt-linear.png, id=1956, 335.3328pt x 224.5188pt>
File: ./calculo/sqrt-linear.png Graphic file (type png)
<use ./calculo/sqrt-linear.png>
Package pdftex.def Info: ./calculo/sqrt-linear.png  used on input line 38.
(pdftex.def)             Requested size: 127.48918pt x 85.35826pt.
 [110]) (optimizacion_univariada.tex [111 <./calculo/sqrt-linear.png>]
<./calculo/optimizacion.png, id=1990, 1878.7791pt x 1261.8342pt>
File: ./calculo/optimizacion.png Graphic file (type png)
<use ./calculo/optimizacion.png>
Package pdftex.def Info: ./calculo/optimizacion.png  used on input line 95.
(pdftex.def)             Requested size: 127.08446pt x 85.35826pt.
 [112 <./calculo/optimizacion.png>]
<./calculo/thomas_04_36_a.png, id=2009, 438.438pt x 505.28775pt>
File: ./calculo/thomas_04_36_a.png Graphic file (type png)
<use ./calculo/thomas_04_36_a.png>
Package pdftex.def Info: ./calculo/thomas_04_36_a.png  used on input line 158.
(pdftex.def)             Requested size: 354.71135pt x 408.79822pt.
<./calculo/thomas_04_36_b.png, id=2010, 648.62325pt x 421.575pt>
File: ./calculo/thomas_04_36_b.png Graphic file (type png)
<use ./calculo/thomas_04_36_b.png>
Package pdftex.def Info: ./calculo/thomas_04_36_b.png  used on input line 167.
(pdftex.def)             Requested size: 251.9989pt x 163.78961pt.
<./calculo/thomas_04_38.png, id=2011, 177.0615pt x 222.8325pt>
File: ./calculo/thomas_04_38.png Graphic file (type png)
<use ./calculo/thomas_04_38.png>
Package pdftex.def Info: ./calculo/thomas_04_38.png  used on input line 182.
(pdftex.def)             Requested size: 324.85684pt x 408.79822pt.
<./calculo/thomas_04_40.png, id=2012, 712.46175pt x 495.0495pt>
File: ./calculo/thomas_04_40.png Graphic file (type png)
<use ./calculo/thomas_04_40.png>
Package pdftex.def Info: ./calculo/thomas_04_40.png  used on input line 196.
(pdftex.def)             Requested size: 588.34264pt x 408.79822pt.

Overfull \hbox (228.34264pt too wide) in paragraph at lines 196--197
 [][] 
 []

<./calculo/thomas_04_41.png, id=2013, 248.127pt x 192.11775pt>
File: ./calculo/thomas_04_41.png Graphic file (type png)
<use ./calculo/thomas_04_41.png>
Package pdftex.def Info: ./calculo/thomas_04_41.png  used on input line 215.
(pdftex.def)             Requested size: 528.04091pt x 408.79822pt.

Overfull \hbox (168.04091pt too wide) in paragraph at lines 215--216
 [][] 
 []

) (analisis_graficas.tex
Package pdftex.def Info: Option `bb' equivalent to `viewport' with the pdftex d
river on input line 20.
<./calculo/puntos_inflexion.png, id=2014, 738.50906pt x 273.27094pt>
File: ./calculo/puntos_inflexion.png Graphic file (type png)
<use ./calculo/puntos_inflexion.png>
Package pdftex.def Info: ./calculo/puntos_inflexion.png  used on input line 20.

(pdftex.def)             Requested size: 230.96394pt x 85.35826pt.
 [113] [114 <./calculo/thomas_04_36_a.png (PNG copy)> <./calculo/thomas_04_36_b
.png (PNG copy)>]
Package pdftex.def Info: Option `bb' equivalent to `viewport' with the pdftex d
river on input line 29.
<./calculo/puntos_silla.png, id=2037, 737.75626pt x 269.50688pt>
File: ./calculo/puntos_silla.png Graphic file (type png)
<use ./calculo/puntos_silla.png>
Package pdftex.def Info: ./calculo/puntos_silla.png  used on input line 29.
(pdftex.def)             Requested size: 234.09486pt x 85.35826pt.
 [115 <./calculo/thomas_04_38.png (PNG copy)>]

LaTeX Warning: Reference `criterio:segunda' on page 116 undefined on input line
 72.


Underfull \vbox (badness 1152) has occurred while \output is active []

 [116 <./calculo/thomas_04_40.png (PNG copy)>]
Package pdftex.def Info: Option `bb' equivalent to `viewport' with the pdftex d
river on input line 107.
<./calculo/ejemplo_graficacion.png, id=2055, 683.9151pt x 457.71pt>
File: ./calculo/ejemplo_graficacion.png Graphic file (type png)
<use ./calculo/ejemplo_graficacion.png>
Package pdftex.def Info: ./calculo/ejemplo_graficacion.png  used on input line 
107.
(pdftex.def)             Requested size: 212.45279pt x 142.26378pt.
 [117 <./calculo/thomas_04_41.png (PNG copy)>]) [118 <./calculo/puntos_inflexio
n.png> <./calculo/puntos_silla.png> <./calculo/ejemplo_graficacion.png>]
Cap\'{\i }tulo 10
(antiderivadas.tex [119


]
<./calculo/antiderivadas.png, id=2087, 309.40594pt x 504.38437pt>
File: ./calculo/antiderivadas.png Graphic file (type png)
<use ./calculo/antiderivadas.png>
Package pdftex.def Info: ./calculo/antiderivadas.png  used on input line 166.
(pdftex.def)             Requested size: 286.5973pt x 467.20178pt.

Overfull \hbox (76.5091pt too wide) in paragraph at lines 181--182
[]$[] [][] \OT1/lmr/m/n/10 (3\OML/lmm/m/it/10 s[]\OT1/lmr/m/n/10 )\OML/lmm/m/it
/10 ds \OT1/lmr/m/n/10 =$ 
 []

[120] [121 <./calculo/antiderivadas.png>]) (integral_definida.tex
<./calculo/tmp_h5b5ua.png, id=2125, 564.4287pt x 422.0568pt>
File: ./calculo/tmp_h5b5ua.png Graphic file (type png)
<use ./calculo/tmp_h5b5ua.png>
Package pdftex.def Info: ./calculo/tmp_h5b5ua.png  used on input line 54.
(pdftex.def)             Requested size: 190.24962pt x 142.26378pt.
 [122 <./calculo/tmp_h5b5ua.png>]
<./calculo/tmp_pIdKIc.png, id=2145, 564.4287pt x 422.0568pt>
File: ./calculo/tmp_pIdKIc.png Graphic file (type png)
<use ./calculo/tmp_pIdKIc.png>
Package pdftex.def Info: ./calculo/tmp_pIdKIc.png  used on input line 108.
(pdftex.def)             Requested size: 190.24962pt x 142.26378pt.
<./calculo/tmp_pLz7nm.png, id=2146, 564.4287pt x 422.0568pt>
File: ./calculo/tmp_pLz7nm.png Graphic file (type png)
<use ./calculo/tmp_pLz7nm.png>
Package pdftex.def Info: ./calculo/tmp_pLz7nm.png  used on input line 122.
(pdftex.def)             Requested size: 190.24962pt x 142.26378pt.
 [123 <./calculo/tmp_pIdKIc.png>] [124 <./calculo/tmp_pLz7nm.png>]) (teorema_fu
ndamental_calculo.tex [125] [126]
<./calculo/sage0.png, id=2218, 564.4287pt x 422.0568pt>
File: ./calculo/sage0.png Graphic file (type png)
<use ./calculo/sage0.png>
Package pdftex.def Info: ./calculo/sage0.png  used on input line 143.
(pdftex.def)             Requested size: 190.24962pt x 142.26378pt.
pdfTeX warning (ext4): destination with the same identifier (name{equation.10.3
.123}) has been already used, duplicate ignored
<to be read again> 
                   \relax 
l.168  \begin{equation}
                       pdfTeX warning (ext4): destination with the same identif
ier (name{equation.10.3.123}) has been already used, duplicate ignored
<to be read again> 
                   \relax 
l.168  \begin{equation}
                       pdfTeX warning (ext4): destination with the same identif
ier (name{equation.10.3.123}) has been already used, duplicate ignored
<to be read again> 
                   \relax 
l.168  \begin{equation}
                       pdfTeX warning (ext4): destination with the same identif
ier (name{equation.10.3.123}) has been already used, duplicate ignored
<to be read again> 
                   \relax 
l.168  \begin{equation}
                        [127 <./calculo/sage0.png>]
<./calculo/trapezoid.png, id=2237, 941.76843pt x 380.17032pt>
File: ./calculo/trapezoid.png Graphic file (type png)
<use ./calculo/trapezoid.png>
Package pdftex.def Info: ./calculo/trapezoid.png  used on input line 212.
(pdftex.def)             Requested size: 284.52756pt x 114.85829pt.
)
(integracion_por_partes.tex [128 <./calculo/trapezoid.png>] [129])
(fracciones_parciales.tex [130] [131]) (integracion_trigonometrica.tex [132]
Overfull \hbox (6.32628pt too wide) in paragraph at lines 210--211
 \OT1/lmr/bx/n/10 6.11. Es-tra-te-gia I.[] \OT1/lmr/m/n/10 Si $[]$ apa-re-ce en
 el in-te-gran-do, in-ten-te $\OML/lmm/m/it/10 x \OT1/lmr/m/n/10 = \OML/lmm/m/i
t/10 a []\OT1/lmr/m/n/10 (\OML/lmm/m/it/10 \OT1/lmr/m/n/10 )$ 
 []

) (area_longitud_arco.tex [133]
<./calculo/fig2901.png, id=2346, 489.32813pt x 273.27094pt>
File: ./calculo/fig2901.png Graphic file (type png)
<use ./calculo/fig2901.png>
Package pdftex.def Info: ./calculo/fig2901.png  used on input line 10.
(pdftex.def)             Requested size: 254.74327pt x 142.26378pt.
<./calculo/fig2902.png, id=2347, 434.37282pt x 380.17032pt>
File: ./calculo/fig2902.png Graphic file (type png)
<use ./calculo/fig2902.png>
Package pdftex.def Info: ./calculo/fig2902.png  used on input line 31.
(pdftex.def)             Requested size: 162.55138pt x 142.26378pt.


LaTeX Warning: `h' float specifier changed to `ht'.

<./calculo/fig2903.png, id=2349, 466.74374pt x 362.85562pt>
File: ./calculo/fig2903.png Graphic file (type png)
<use ./calculo/fig2903.png>
Package pdftex.def Info: ./calculo/fig2903.png  used on input line 60.
(pdftex.def)             Requested size: 109.79161pt x 85.35826pt.

LaTeX Warning: `h' float specifier changed to `ht'.

[134 <./calculo/fig2901.png>]
<./calculo/fig2904.png, id=2361, 483.30562pt x 353.82187pt>
File: ./calculo/fig2904.png Graphic file (type png)
<use ./calculo/fig2904.png>
Package pdftex.def Info: ./calculo/fig2904.png  used on input line 86.
(pdftex.def)             Requested size: 194.32915pt x 142.26378pt.
<./calculo/fig2905.png, id=2362, 438.13687pt x 329.73187pt>
File: ./calculo/fig2905.png Graphic file (type png)
<use ./calculo/fig2905.png>
Package pdftex.def Info: ./calculo/fig2905.png  used on input line 96.
(pdftex.def)             Requested size: 189.03697pt x 142.26378pt.


LaTeX Warning: `h' float specifier changed to `ht'.

<./calculo/fig2906.png, id=2363, 395.97937pt x 322.95656pt>
File: ./calculo/fig2906.png Graphic file (type png)
<use ./calculo/fig2906.png>
Package pdftex.def Info: ./calculo/fig2906.png  used on input line 107.
(pdftex.def)             Requested size: 174.43085pt x 142.26378pt.

LaTeX Warning: `h' float specifier changed to `ht'.

[135 <./calculo/fig2902.png> <./calculo/fig2903.png> <./calculo/fig2904.png>]
<./calculo/fig2907.png, id=2373, 557.83406pt x 395.97937pt>
File: ./calculo/fig2907.png Graphic file (type png)
<use ./calculo/fig2907.png>
Package pdftex.def Info: ./calculo/fig2907.png  used on input line 128.
(pdftex.def)             Requested size: 200.41153pt x 142.26378pt.

[136 <./calculo/fig2905.png> <./calculo/fig2906.png> <./calculo/fig2907.png>]
<./calculo/fig2908.png, id=2382, 849.92531pt x 420.82219pt>
File: ./calculo/fig2908.png Graphic file (type png)
<use ./calculo/fig2908.png>
Package pdftex.def Info: ./calculo/fig2908.png  used on input line 141.
(pdftex.def)             Requested size: 287.32375pt x 142.26378pt.

[137 <./calculo/fig2908.png>]) (volumen.tex
<./calculo/fig3001.png, id=2394, 779.91376pt x 449.42906pt>
File: ./calculo/fig3001.png Graphic file (type png)
<use ./calculo/fig3001.png>
Package pdftex.def Info: ./calculo/fig3001.png  used on input line 16.
(pdftex.def)             Requested size: 148.12564pt x 85.35826pt.
<./calculo/sage0501.png, id=2395, 565.1514pt x 422.0568pt>
File: ./calculo/sage0501.png Graphic file (type png)
<use ./calculo/sage0501.png>
Package pdftex.def Info: ./calculo/sage0501.png  used on input line 51.
(pdftex.def)             Requested size: 190.49321pt x 142.26378pt.


LaTeX Warning: `h' float specifier changed to `ht'.

[138 <./calculo/fig3001.png>]
<./calculo/sage0502.png, id=2405, 501.875pt x 501.875pt>
File: ./calculo/sage0502.png Graphic file (type png)
<use ./calculo/sage0502.png>
Package pdftex.def Info: ./calculo/sage0502.png  used on input line 79.
(pdftex.def)             Requested size: 142.26239pt x 142.26378pt.
<./calculo/fig3003.png, id=2406, 277.035pt x 389.95688pt>
File: ./calculo/fig3003.png Graphic file (type png)
<use ./calculo/fig3003.png>
Package pdftex.def Info: ./calculo/fig3003.png  used on input line 103.
(pdftex.def)             Requested size: 101.06831pt x 142.26378pt.

Underfull \hbox (badness 10000) in paragraph at lines 105--105
\OT1/lmr/m/sc/10 Figura
 []


Underfull \hbox (badness 10000) in paragraph at lines 105--105
\OT1/lmr/m/sc/10 18.[]\OT1/lmr/m/n/10 Region
 []


Package wrapfig Warning: Collision between wrapping environments on input line 
120.

<./calculo/fig3004.png, id=2407, 515.67656pt x 425.33907pt>
File: ./calculo/fig3004.png Graphic file (type png)
<use ./calculo/fig3004.png>
Package pdftex.def Info: ./calculo/fig3004.png  used on input line 122.
(pdftex.def)             Requested size: 172.47928pt x 142.26378pt.

Package wrapfig Warning: Stationary wrapfigure forced to float on input line 12
7.

[139pdfTeX warning (ext4): destination with the same identifier (name{equation.
10.8.130}) has been already used, duplicate ignored
<argument> ...shipout:D \box_use:N \l_shipout_box 
                                                  
l.128 \end{problema}
                     <./calculo/sage0501.png> <./calculo/sage0502.png (PNG copy
)> <./calculo/fig3003.png>]

Package wrapfig Warning: Collision between wrapping environments on input line 
134.


Package wrapfig Warning: wrapfigure used inside a conflicting environment on in
put line 134.

<./calculo/fig3005.png, id=2423, 313.9228pt x 386.94562pt>
File: ./calculo/fig3005.png Graphic file (type png)
<use ./calculo/fig3005.png>
Package pdftex.def Info: ./calculo/fig3005.png  used on input line 136.
(pdftex.def)             Requested size: 115.41673pt x 142.26378pt.

Package wrapfig Warning: Stationary wrapfigure forced to float on input line 14
1.


Package wrapfig Warning: Collision between wrapping environments on input line 
149.

<./calculo/fig3006.png, id=2424, 438.8897pt x 392.21532pt>
File: ./calculo/fig3006.png Graphic file (type png)
<use ./calculo/fig3006.png>
Package pdftex.def Info: ./calculo/fig3006.png  used on input line 151.
(pdftex.def)             Requested size: 127.35512pt x 113.81102pt.
pdfTeX warning (ext4): destination with the same identifier (name{equation.10.8
.130}) has been already used, duplicate ignored
<to be read again> 
                   \relax 
l.159 \begin{equation}
                      pdfTeX warning (ext4): destination with the same identifi
er (name{equation.10.8.130}) has been already used, duplicate ignored
<to be read again> 
                   \relax 
l.159 \begin{equation}
                      pdfTeX warning (ext4): destination with the same identifi
er (name{equation.10.8.130}) has been already used, duplicate ignored
<to be read again> 
                   \relax 
l.159 \begin{equation}
                      pdfTeX warning (ext4): destination with the same identifi
er (name{equation.10.8.130}) has been already used, duplicate ignored
<to be read again> 
                   \relax 
l.159 \begin{equation}
                      pdfTeX warning (ext4): destination with the same identifi
er (name{equation.10.8.130}) has been already used, duplicate ignored
<to be read again> 
                   \relax 
l.169 \begin{equation}
                      pdfTeX warning (ext4): destination with the same identifi
er (name{equation.10.8.130}) has been already used, duplicate ignored
<to be read again> 
                   \relax 
l.169 \begin{equation}
                      pdfTeX warning (ext4): destination with the same identifi
er (name{equation.10.8.130}) has been already used, duplicate ignored
<to be read again> 
                   \relax 
l.169 \begin{equation}
                      pdfTeX warning (ext4): destination with the same identifi
er (name{equation.10.8.130}) has been already used, duplicate ignored
<to be read again> 
                   \relax 
l.169 \begin{equation}
                       [140 <./calculo/fig3004.png> <./calculo/fig3005.png> <./
calculo/fig3006.png>]
<./calculo/sage0503.png, id=2434, 565.1514pt x 422.0568pt>
File: ./calculo/sage0503.png Graphic file (type png)
<use ./calculo/sage0503.png>
Package pdftex.def Info: ./calculo/sage0503.png  used on input line 190.
(pdftex.def)             Requested size: 190.49321pt x 142.26378pt.
<./calculo/sage0504.png, id=2435, 501.875pt x 501.875pt>
File: ./calculo/sage0504.png Graphic file (type png)
<use ./calculo/sage0504.png>
Package pdftex.def Info: ./calculo/sage0504.png  used on input line 201.
(pdftex.def)             Requested size: 199.16888pt x 199.16928pt.
<./calculo/fig3007.png, id=2436, 602.25pt x 412.54124pt>
File: ./calculo/fig3007.png Graphic file (type png)
<use ./calculo/fig3007.png>
Package pdftex.def Info: ./calculo/fig3007.png  used on input line 214.
(pdftex.def)             Requested size: 124.61073pt x 85.35826pt.
pdfTeX warning (ext4): destination with the same identifier (name{equation.10.8
.130}) has been already used, duplicate ignored
<to be read again> 
                   \relax 
l.222 \begin{equation}
                      pdfTeX warning (ext4): destination with the same identifi
er (name{equation.10.8.130}) has been already used, duplicate ignored
<to be read again> 
                   \relax 
l.222 \begin{equation}
                      pdfTeX warning (ext4): destination with the same identifi
er (name{equation.10.8.130}) has been already used, duplicate ignored
<to be read again> 
                   \relax 
l.222 \begin{equation}
                      pdfTeX warning (ext4): destination with the same identifi
er (name{equation.10.8.130}) has been already used, duplicate ignored
<to be read again> 
                   \relax 
l.222 \begin{equation}
                       [141 <./calculo/sage0503.png> <./calculo/sage0504.png (P
NG copy)> <./calculo/fig3007.png>]pdfTeX warning (ext4): destination with the s
ame identifier (name{equation.10.8.130}) has been already used, duplicate ignor
ed
<to be read again> 
                   \relax 
l.232 \begin{equation}
                      pdfTeX warning (ext4): destination with the same identifi
er (name{equation.10.8.130}) has been already used, duplicate ignored
<to be read again> 
                   \relax 
l.232 \begin{equation}
                      pdfTeX warning (ext4): destination with the same identifi
er (name{equation.10.8.130}) has been already used, duplicate ignored
<to be read again> 
                   \relax 
l.232 \begin{equation}
                      pdfTeX warning (ext4): destination with the same identifi
er (name{equation.10.8.130}) has been already used, duplicate ignored
<to be read again> 
                   \relax 
l.232 \begin{equation}
                      

Package wrapfig Warning: wrapfigure used inside a conflicting environment on in
put line 241.

<./calculo/sage0505.png, id=2446, 563.706pt x 419.8887pt>
File: ./calculo/sage0505.png Graphic file (type png)
<use ./calculo/sage0505.png>
Package pdftex.def Info: ./calculo/sage0505.png  used on input line 243.
(pdftex.def)             Requested size: 190.9952pt x 142.26378pt.

Package wrapfig Warning: Stationary wrapfigure forced to float on input line 24
8.

<./calculo/sage0506.png, id=2448, 501.875pt x 501.875pt>
File: ./calculo/sage0506.png Graphic file (type png)
<use ./calculo/sage0506.png>
Package pdftex.def Info: ./calculo/sage0506.png  used on input line 255.
(pdftex.def)             Requested size: 199.16888pt x 199.16928pt.
pdfTeX warning (ext4): destination with the same identifier (name{equation.10.8
.130}) has been already used, duplicate ignored
<to be read again> 
                   \relax 
l.268 \begin{equation}
                      pdfTeX warning (ext4): destination with the same identifi
er (name{equation.10.8.130}) has been already used, duplicate ignored
<to be read again> 
                   \relax 
l.268 \begin{equation}
                      pdfTeX warning (ext4): destination with the same identifi
er (name{equation.10.8.130}) has been already used, duplicate ignored
<to be read again> 
                   \relax 
l.268 \begin{equation}
                      pdfTeX warning (ext4): destination with the same identifi
er (name{equation.10.8.130}) has been already used, duplicate ignored
<to be read again> 
                   \relax 
l.268 \begin{equation}
                      

Package wrapfig Warning: Collision between wrapping environments on input line 
278.


Package wrapfig Warning: wrapfigure used inside a conflicting environment on in
put line 278.

<./calculo/sage0507.png, id=2449, 563.706pt x 419.8887pt>
File: ./calculo/sage0507.png Graphic file (type png)
<use ./calculo/sage0507.png>
Package pdftex.def Info: ./calculo/sage0507.png  used on input line 280.
(pdftex.def)             Requested size: 190.9952pt x 142.26378pt.

Overfull \hbox (10.3202pt too wide) in paragraph at lines 280--283
 [][] 
 []

[142 <./calculo/sage0506.png (PNG copy)>]

Package wrapfig Warning: Stationary wrapfigure forced to float on input line 28
6.


Package wrapfig Warning: Stationary wrapfigure forced to float on input line 28
8.

<./calculo/sage0508.png, id=2459, 501.875pt x 501.875pt>
File: ./calculo/sage0508.png Graphic file (type png)
<use ./calculo/sage0508.png>
Package pdftex.def Info: ./calculo/sage0508.png  used on input line 296.
(pdftex.def)             Requested size: 199.16888pt x 199.16928pt.

Package wrapfig Warning: Collision between wrapping environments on input line 
306.

<./calculo/fig3008.png, id=2460, 782.17218pt x 325.215pt>
File: ./calculo/fig3008.png Graphic file (type png)
<use ./calculo/fig3008.png>
Package pdftex.def Info: ./calculo/fig3008.png  used on input line 308.
(pdftex.def)             Requested size: 205.29343pt x 85.35826pt.
[143 <./calculo/sage0508.png (PNG copy)> <./calculo/sage0505.png> <./calculo/sa
ge0507.png>]
Overfull \hbox (29.46826pt too wide) in paragraph at lines 314--315
[] \OT1/lmr/bx/n/10 8.5. Sec-cio-nes trasn-
 []


Overfull \hbox (7.00356pt too wide) in paragraph at lines 314--315
\OT1/lmr/bx/n/10 ver-sa-les (re-ba-na-das).[]
 []


Underfull \hbox (badness 2111) in paragraph at lines 314--315
\OT1/lmr/m/n/10 Su-pon-ga-mos que un
 []

pdfTeX warning (ext4): destination with the same identifier (name{equation.10.8
.130}) has been already used, duplicate ignored
<to be read again> 
                   \relax 
l.321 \begin{equation}
                      pdfTeX warning (ext4): destination with the same identifi
er (name{equation.10.8.130}) has been already used, duplicate ignored
<to be read again> 
                   \relax 
l.321 \begin{equation}
                      pdfTeX warning (ext4): destination with the same identifi
er (name{equation.10.8.130}) has been already used, duplicate ignored
<to be read again> 
                   \relax 
l.321 \begin{equation}
                      pdfTeX warning (ext4): destination with the same identifi
er (name{equation.10.8.130}) has been already used, duplicate ignored
<to be read again> 
                   \relax 
l.321 \begin{equation}
                      

Package wrapfig Warning: wrapfigure used inside a conflicting environment on in
put line 329.

<./calculo/fig3009.png, id=2469, 817.55438pt x 346.29375pt>
File: ./calculo/fig3009.png Graphic file (type png)
<use ./calculo/fig3009.png>
Package pdftex.def Info: ./calculo/fig3009.png  used on input line 331.
(pdftex.def)             Requested size: 142.26378pt x 60.25885pt.

Package wrapfig Warning: Stationary wrapfigure forced to float on input line 33
6.

[144 <./calculo/fig3008.png>] [145]) [146 <./calculo/fig3009.png>]
Cap\'{\i }tulo 11
(curvas_parametrizadas.tex [147


]) (derivadas_parciales.tex [148]
Overfull \hbox (1.84012pt too wide) in paragraph at lines 74--75
\OT1/lmr/m/n/10 be[]. La com-pro-ba-cion se pue-de en-con-trar en []http://sag
ecell.sagemath.org/?q=vrfhpv[] 
 []


Overfull \hbox (3.50691pt too wide) in paragraph at lines 116--117
\OT1/lmr/m/n/10 be[]. La com-pro-ba-cion se pue-de en-con-trar en []http://sag
ecell.sagemath.org/?q=onrgkx[] 
 []

[149]
<./cvv/cvv04.png, id=2572, 476.78125pt x 476.78125pt>
File: ./cvv/cvv04.png Graphic file (type png)
<use ./cvv/cvv04.png>
Package pdftex.def Info: ./cvv/cvv04.png  used on input line 184.
(pdftex.def)             Requested size: 142.26431pt x 142.26378pt.

Overfull \hbox (58.42pt too wide) in paragraph at lines 190--191
[]\OT1/lmr/m/n/10 Est ima-gen la pue-de ge-ne-ra con el si-guien-te codi-go: [
]http://sagecell.sagemath.org/?q=wdxppk[] 
 []

<./cvv/cvv05.png, id=2574, 501.875pt x 501.875pt>
File: ./cvv/cvv05.png Graphic file (type png)
<use ./cvv/cvv05.png>
Package pdftex.def Info: ./cvv/cvv05.png  used on input line 197.
(pdftex.def)             Requested size: 142.26239pt x 142.26378pt.

Overfull \hbox (61.8367pt too wide) in paragraph at lines 202--204
[]\OT1/lmr/m/n/10 Esta ima-gen la pue-de ge-ne-rar con el si-guien-te codi-go:
 []http://sagecell.sagemath.org/?q=butszu[] 
 []

<./cvv/cvv06.png, id=2576, 493.6041pt x 423.5022pt>
File: ./cvv/cvv06.png Graphic file (type png)
<use ./cvv/cvv06.png>
Package pdftex.def Info: ./cvv/cvv06.png  used on input line 211.
(pdftex.def)             Requested size: 165.81218pt x 142.26378pt.

Overfull \hbox (94.58377pt too wide) in paragraph at lines 217--218
[]\OT1/lmr/m/n/10 Puede ge-ne-rar es-te ma-pa to-pografi-co con el si-guien-te
 codi-go []http://sagecell.sagemath.org/?q=zyutmy[] 
 []

[150 <./cvv/cvv04.png (PNG copy)> <./cvv/cvv05.png (PNG copy)>]
<./cvv/cvv07.png, id=2585, 476.78125pt x 476.78125pt>
File: ./cvv/cvv07.png Graphic file (type png)
<use ./cvv/cvv07.png>
Package pdftex.def Info: ./cvv/cvv07.png  used on input line 236.
(pdftex.def)             Requested size: 142.26431pt x 142.26378pt.
<./cvv/cvv08.png, id=2587, 513.8397pt x 423.5022pt>
File: ./cvv/cvv08.png Graphic file (type png)
<use ./cvv/cvv08.png>
Package pdftex.def Info: ./cvv/cvv08.png  used on input line 253.
(pdftex.def)             Requested size: 172.60976pt x 142.26378pt.
 [151 <./cvv/cvv06.png> <./cvv/cvv07.png (PNG copy)>]
Overfull \hbox (3.63907pt too wide) in paragraph at lines 333--334
[]\OT1/lmr/m/n/10 Puede ver el de-sa-rro-llo com-ple-to del ejer-ci-cio en []ht
tps://youtu.be/9Vz-qouiRPw[]. 
 []


Overfull \hbox (6.00034pt too wide) in paragraph at lines 345--346
[]\OT1/lmr/m/n/10 Puede ver el de-sa-rro-llo com-ple-to del ejer-ci-cio en []ht
tps://youtu.be/oY3DjTSqado[]. 
 []


Overfull \hbox (8.56982pt too wide) in paragraph at lines 358--359
[]\OT1/lmr/m/n/10 Puede ver el de-sa-rro-llo com-ple-to del ejer-ci-cio en []ht
tps://youtu.be/oCk2O9SpJG4[]. 
 []

[152 <./cvv/cvv08.png>]) [153] [154


]

Package hyperref Warning: Token not allowed in a PDF string (Unicode):
(hyperref)                removing `\leavevmode@ifvmode' on input line 112.


Package hyperref Warning: Token not allowed in a PDF string (Unicode):
(hyperref)                \kern 5.0pt
(hyperref)                replaced by space on input line 112.


Package hyperref Warning: Token not allowed in a PDF string (Unicode):
(hyperref)                removing `\noindent' on input line 112.

[155] [156


]
Cap\'{\i }tulo 12
(fundamentos_ecuaciones_diferenciales.tex [157] [158] [159] [160]
<./edo/solved_problem_02-05.png, id=2743, 424.2249pt x 279.6849pt>
File: ./edo/solved_problem_02-05.png Graphic file (type png)
<use ./edo/solved_problem_02-05.png>
Package pdftex.def Info: ./edo/solved_problem_02-05.png  used on input line 443
.
(pdftex.def)             Requested size: 620.12054pt x 408.79822pt.

Overfull \hbox (260.12054pt too wide) in paragraph at lines 443--444
 [][] 
 []

[161] [162 <./edo/solved_problem_02-05.png>]
<./edo/solved_problem_02-06.png, id=2774, 424.2249pt x 279.6849pt>
File: ./edo/solved_problem_02-06.png Graphic file (type png)
<use ./edo/solved_problem_02-06.png>
Package pdftex.def Info: ./edo/solved_problem_02-06.png  used on input line 506
.
(pdftex.def)             Requested size: 442.94417pt x 292.0pt.

Overfull \hbox (82.94417pt too wide) in paragraph at lines 506--508
 [][] 
 []

[163 <./edo/solved_problem_02-06.png>]
<./edo/solved_problem_02-08.png, id=2792, 455.301pt x 339.669pt>
File: ./edo/solved_problem_02-08.png Graphic file (type png)
<use ./edo/solved_problem_02-08.png>
Package pdftex.def Info: ./edo/solved_problem_02-08.png  used on input line 576
.
(pdftex.def)             Requested size: 469.70168pt x 350.40356pt.

Overfull \hbox (109.70168pt too wide) in paragraph at lines 576--578
 [][] 
 []

) (edos_primer_orden.tex [164] [165 <./edo/solved_problem_02-08.png>]
<./edo/factores_integrantes_usuales.png, id=2830, 515.67656pt x 468.24937pt>
File: ./edo/factores_integrantes_usuales.png Graphic file (type png)
<use ./edo/factores_integrantes_usuales.png>
Package pdftex.def Info: ./edo/factores_integrantes_usuales.png  used on input 
line 107.
(pdftex.def)             Requested size: 385.91452pt x 350.40356pt.

Overfull \hbox (25.91452pt too wide) in paragraph at lines 107--109
 [][] 
 []

[166] [167 <./edo/factores_integrantes_usuales.png (PNG copy)>] [168] [169])
(aplicaciones_edos.tex [170]
<./edo/img020501.png, id=2922, 447.17062pt x 424.58624pt>
File: ./edo/img020501.png Graphic file (type png)
<use ./edo/img020501.png>
Package pdftex.def Info: ./edo/img020501.png  used on input line 89.
(pdftex.def)             Requested size: 209.76082pt x 199.16928pt.

Underfull \hbox (badness 10000) in paragraph at lines 140--141

 []


Underfull \hbox (badness 10000) in paragraph at lines 142--143

 []

[171 <./edo/img020501.png>]
<./edo/img020506.png, id=2936, 340.27126pt x 399.74344pt>
File: ./edo/img020506.png Graphic file (type png)
<use ./edo/img020506.png>
Package pdftex.def Info: ./edo/img020506.png  used on input line 150.
(pdftex.def)             Requested size: 121.09567pt x 142.26378pt.

Underfull \hbox (badness 10000) in paragraph at lines 159--160

 []

[172 <./edo/img020506.png>]
<./edo/img020502.png, id=2949, 593.96906pt x 402.75468pt>
File: ./edo/img020502.png Graphic file (type png)
<use ./edo/img020502.png>
Package pdftex.def Info: ./edo/img020502.png  used on input line 230.
(pdftex.def)             Requested size: 209.80463pt x 142.26378pt.
<./edo/img020504.png, id=2950, 565.8741pt x 422.7795pt>
File: ./edo/img020504.png Graphic file (type png)
<use ./edo/img020504.png>
Package pdftex.def Info: ./edo/img020504.png  used on input line 247.
(pdftex.def)             Requested size: 190.41733pt x 142.26378pt.
<./edo/img020503.png, id=2952, 562.35094pt x 383.18156pt>
File: ./edo/img020503.png Graphic file (type png)
<use ./edo/img020503.png>
Package pdftex.def Info: ./edo/img020503.png  used on input line 267.
(pdftex.def)             Requested size: 208.78737pt x 142.26378pt.
 [173 <./edo/img020502.png> <./edo/img020504.png>]
<./edo/img020505.png, id=2965, 565.8741pt x 422.7795pt>
File: ./edo/img020505.png Graphic file (type png)
<use ./edo/img020505.png>
Package pdftex.def Info: ./edo/img020505.png  used on input line 303.
(pdftex.def)             Requested size: 190.41733pt x 142.26378pt.
)
[174 <./edo/img020503.png> <./edo/img020505.png>]
Cap\'{\i }tulo 13
(teoria_ecuaciones_lineales.tex [175


] [176]) (edos_segundo_orden.tex
Overfull \hbox (111.71815pt too wide) has occurred while \output is active
 \OT1/lmr/m/n/7 2. ECUACIONES DIFERENCIALES LINEALES HOMOG[]ENEAS DE SEGUNDO OR
DEN CON COEFICIENTES CONSTANTES []
 []

[177]) (ecuaciones_orden_superior.tex

Package hyperref Warning: Token not allowed in a PDF string (Unicode):
(hyperref)                removing `math shift' on input line 1.


Package hyperref Warning: Token not allowed in a PDF string (Unicode):
(hyperref)                removing `math shift' on input line 1.

[178]) (coeficientes_indeterminados.tex
Overfull \hbox (108.98055pt too wide) has occurred while \output is active
 \OT1/lmr/m/n/7 3. ECUACIONES DIFERENCIALES LINEALES HOMOG[]ENEAS DE $\OML/lmm/
m/it/7 n\OMS/lmsy/m/n/7  $[]\OT1/lmr/m/n/7 ESIMO ORDEN CON COEFICIENTES CONSTAN
TES []
 []

[179] [180]) (aplicaciones_segundo_orden.tex
<./edo/img030601.png, id=3083, 724.20563pt x 393.72093pt>
File: ./edo/img030601.png Graphic file (type png)
<use ./edo/img030601.png>
Package pdftex.def Info: ./edo/img030601.png  used on input line 9.
(pdftex.def)             Requested size: 261.67522pt x 142.26378pt.
 [181]
<./edo/circuitos_electricos.png, id=3103, 426.99525pt x 284.262pt>
File: ./edo/circuitos_electricos.png Graphic file (type png)
<use ./edo/circuitos_electricos.png>
Package pdftex.def Info: ./edo/circuitos_electricos.png  used on input line 54.

(pdftex.def)             Requested size: 299.18132pt x 199.16928pt.
 [182 <./edo/img030601.png>]) (variacion_parametros.tex [183 <./edo/circuitos_e
lectricos.png (PNG copy)>])
[184]
Cap\'{\i }tulo 14
(transformada_laplace.tex
Overfull \hbox (12.30588pt too wide) in paragraph at lines 42--43
\OT1/lmr/m/n/10 minuscu-las, mien-tras que su trans-for-ma-da se de-no-tara p
or la co-rres-pon-dien-te mayuscu-
 []

<./edo/img0401.png, id=3141, 625.58719pt x 402.75468pt>
File: ./edo/img0401.png Graphic file (type png)
<use ./edo/img0401.png>
Package pdftex.def Info: ./edo/img0401.png  used on input line 75.
(pdftex.def)             Requested size: 220.97293pt x 142.26378pt.
[185


]) (transformada_inversa_laplace.tex [186 <./edo/img0401.png>])
(transformada_laplace_derivadas.tex [187])
(transformada_funciones_discontinuas.tex [188]
<./edo/img0402.png, id=3212, 525.46312pt x 427.5975pt>
File: ./edo/img0402.png Graphic file (type png)
<use ./edo/img0402.png>
Package pdftex.def Info: ./edo/img0402.png  used on input line 73.
(pdftex.def)             Requested size: 174.82253pt x 142.26378pt.
<./edo/img0403.png, id=3213, 938.00438pt x 294.34969pt>
File: ./edo/img0403.png Graphic file (type png)
<use ./edo/img0403.png>
Package pdftex.def Info: ./edo/img0403.png  used on input line 106.
(pdftex.def)             Requested size: 272.0143pt x 85.35826pt.
 [189 <./edo/img0402.png>]
[190 <./edo/img0403.png>]) [191] [192


]
Cap\'{\i }tulo 15
(exponencial_matrix.tex [193] [194] [195]
Overfull \hbox (36.66618pt too wide) in paragraph at lines 182--205
[] []
 []


Overfull \hbox (36.66618pt too wide) in paragraph at lines 207--227
[] []
 []

[196]
Overfull \hbox (36.66618pt too wide) in paragraph at lines 243--266
[] []
 []


Overfull \hbox (36.66618pt too wide) in paragraph at lines 268--288
[] []
 []


Overfull \hbox (36.66618pt too wide) in paragraph at lines 298--318
[] []
 []


Overfull \hbox (36.66618pt too wide) in paragraph at lines 320--340
[] []
 []


Overfull \hbox (36.66618pt too wide) in paragraph at lines 353--376
[] []
 []

[197]
Overfull \hbox (36.66618pt too wide) in paragraph at lines 378--398
[] []
 []


Overfull \hbox (36.66618pt too wide) in paragraph at lines 417--440
[] []
 []


Overfull \hbox (36.66618pt too wide) in paragraph at lines 445--465
[] []
 []


LaTeX Warning: Reference `fig:1' on page 198 undefined on input line 482.

[198]

Package natbib Warning: Citation `HS' on page 199 undefined on input line 526.

) (transformada_sistemas_lineales.tex [199]) (__main__.bbl [200]
Bibliograf\'{\i }a
)

Package natbib Warning: There were undefined citations.

[201


] (__main__.aux
LaTeX Info: Redefining \. on input line 22.
LaTeX Info: Redefining \% on input line 22.
)

LaTeX Warning: There were undefined references.


LaTeX Warning: There were multiply-defined labels.

Package rerunfilecheck Info: File `__main__.out' has not changed.
(rerunfilecheck)             Checksum: E87CEDF6301F7A9333AD5EBF4D1CB87D;21053.
 ) 
Here is how much of TeX's memory you used:
 27447 strings out of 479321
 488743 string characters out of 2866501
 753677 words of memory out of 3000000
 41936 multiletter control sequences out of 15000+600000
 463271 words of font info for 78 fonts, out of 8000000 for 9000
 1302 hyphenation exceptions out of 8191
 92i,18n,91p,963b,665s stack positions out of 5000i,500n,10000p,200000b,80000s
pdfTeX warning (dest): name{thm.13.2} has been referenced but does not exist,
 replaced by a fixed one

pdfTeX warning (dest): name{alg.10.1} has been referenced but does not exist, r
eplaced by a fixed one

{C:/Program Files/MiKTeX/fonts/enc/dvips/lm/lm-rm.enc}{C:/Program Files/MiKTeX/
fonts/enc/dvips/lm/lm-mathsy.enc}{C:/Program Files/MiKTeX/fonts/enc/dvips/lm/lm
-rmsc.enc}{C:/Program Files/MiKTeX/fonts/enc/dvips/lm/lm-rmtt.enc}{C:/Program F
iles/MiKTeX/fonts/enc/dvips/lm/lm-mathit.enc}{C:/Program Files/MiKTeX/fonts/enc
/dvips/lm/lm-ts1.enc}{C:/Program Files/MiKTeX/fonts/enc/dvips/lm/lm-mathex.enc}
<C:/Program Files/MiKTeX/fonts/type1/public/lm/lmbx10.pfb><C:/Program Files/MiK
TeX/fonts/type1/public/lm/lmbx12.pfb><C:/Program Files/MiKTeX/fonts/type1/publi
c/lm/lmbx8.pfb><C:/Program Files/MiKTeX/fonts/type1/public/lm/lmcsc10.pfb><C:/P
rogram Files/MiKTeX/fonts/type1/public/lm/lmcsco10.pfb><C:/Program Files/MiKTeX
/fonts/type1/public/lm/lmex10.pfb><C:/Program Files/MiKTeX/fonts/type1/public/l
m/lmmi10.pfb><C:/Program Files/MiKTeX/fonts/type1/public/lm/lmmi5.pfb><C:/Progr
am Files/MiKTeX/fonts/type1/public/lm/lmmi7.pfb><C:/Program Files/MiKTeX/fonts/
type1/public/lm/lmr10.pfb><C:/Program Files/MiKTeX/fonts/type1/public/lm/lmr12.
pfb><C:/Program Files/MiKTeX/fonts/type1/public/lm/lmr5.pfb><C:/Program Files/M
iKTeX/fonts/type1/public/lm/lmr7.pfb><C:/Program Files/MiKTeX/fonts/type1/publi
c/lm/lmr8.pfb><C:/Program Files/MiKTeX/fonts/type1/public/lm/lmri10.pfb><C:/Pro
gram Files/MiKTeX/fonts/type1/public/lm/lmsy10.pfb><C:/Program Files/MiKTeX/fon
ts/type1/public/lm/lmsy5.pfb><C:/Program Files/MiKTeX/fonts/type1/public/lm/lms
y7.pfb><C:/Program Files/MiKTeX/fonts/type1/public/lm/lmtt10.pfb><C:/Program Fi
les/MiKTeX/fonts/type1/public/lm/lmtt12.pfb><C:/Program Files/MiKTeX/fonts/type
1/public/lm/lmtt8.pfb><C:/Program Files/MiKTeX/fonts/type1/public/lm/lmtti10.pf
b><C:/Program Files/MiKTeX/fonts/type1/public/amsfonts/symbols/msam10.pfb><C:/P
rogram Files/MiKTeX/fonts/type1/public/amsfonts/symbols/msbm10.pfb>
Output written on __main__.pdf (201 pages, 5901180 bytes).
PDF statistics:
 3808 PDF objects out of 4296 (max. 8388607)
 2013 named destinations out of 2073 (max. 500000)
 1295 words of extra memory for PDF output out of 10000 (max. 10000000)

