\BOOKMARK [0][-]{chapter*.2}{\376\377\000C\000\341\000l\000c\000u\000l\000o\000\040\000D\000i\000f\000e\000r\000e\000n\000c\000i\000a\000l}{}% 1
\BOOKMARK [1][-]{section*.3}{\376\377\000L\000\355\000m\000i\000t\000e\000s\000\040\000y\000\040\000c\000o\000n\000t\000i\000n\000u\000i\000d\000a\000d}{chapter*.2}% 2
\BOOKMARK [1][-]{section*.7}{\376\377\000D\000e\000r\000i\000v\000a\000d\000a\000s}{chapter*.2}% 3
\BOOKMARK [1][-]{section*.10}{\376\377\000D\000e\000r\000i\000v\000a\000c\000i\000\363\000n\000\040\000i\000m\000p\000l\000\355\000c\000i\000t\000a}{chapter*.2}% 4
\BOOKMARK [1][-]{section*.11}{\376\377\000D\000e\000r\000i\000v\000a\000c\000i\000\363\000n\000\040\000l\000o\000g\000a\000r\000\355\000t\000m\000i\000c\000a}{chapter*.2}% 5
\BOOKMARK [1][-]{section*.12}{\376\377\000L\000i\000n\000e\000a\000l\000i\000z\000a\000c\000i\000\363\000n}{chapter*.2}% 6
\BOOKMARK [1][-]{section*.13}{\376\377\000O\000p\000t\000i\000m\000i\000z\000a\000c\000i\000\363\000n\000\040\000u\000n\000i\000v\000a\000r\000i\000a\000d\000a}{chapter*.2}% 7
\BOOKMARK [1][-]{section*.15}{\376\377\000A\000n\000\341\000l\000i\000s\000i\000s\000\040\000d\000e\000\040\000G\000r\000\341\000f\000i\000c\000a\000s}{chapter*.2}% 8
\BOOKMARK [0][-]{chapter*.16}{\376\377\000C\000\341\000l\000c\000u\000l\000o\000\040\000I\000n\000t\000e\000g\000r\000a\000l}{}% 9
\BOOKMARK [1][-]{section*.17}{\376\377\000A\000n\000t\000i\000d\000e\000r\000i\000v\000a\000d\000a\000s}{chapter*.16}% 10
\BOOKMARK [1][-]{section*.20}{\376\377\000L\000a\000\040\000i\000n\000t\000e\000g\000r\000a\000l\000\040\000d\000e\000f\000i\000n\000i\000d\000a}{chapter*.16}% 11
\BOOKMARK [1][-]{section*.28}{\376\377\000E\000l\000\040\000T\000e\000o\000r\000e\000m\000a\000\040\000F\000u\000n\000d\000a\000m\000e\000n\000t\000a\000l\000\040\000d\000e\000l\000\040\000C\000\341\000l\000c\000u\000l\000o}{chapter*.16}% 12
\BOOKMARK [1][-]{section*.33}{\376\377\000I\000n\000t\000e\000g\000r\000a\000c\000i\000\363\000n\000\040\000p\000o\000r\000\040\000p\000a\000r\000t\000e\000s}{chapter*.16}% 13
\BOOKMARK [1][-]{section*.35}{\376\377\000F\000r\000a\000c\000c\000i\000o\000n\000e\000s\000\040\000p\000a\000r\000c\000i\000a\000l\000e\000s}{chapter*.16}% 14
\BOOKMARK [1][-]{section*.43}{\376\377\000T\000\351\000c\000n\000i\000c\000a\000s\000\040\000d\000e\000\040\000i\000n\000t\000e\000g\000a\000c\000i\000\363\000n\000\040\000t\000r\000i\000g\000o\000n\000o\000m\000\351\000t\000r\000i\000c\000a}{chapter*.16}% 15
\BOOKMARK [1][-]{section*.57}{\376\377\000\301\000r\000e\000a\000\040\000y\000\040\000l\000o\000n\000g\000i\000t\000u\000d\000\040\000d\000e\000\040\000a\000r\000c\000o}{chapter*.16}% 16
\BOOKMARK [1][-]{section*.62}{\376\377\000V\000o\000l\000u\000m\000e\000n}{chapter*.16}% 17
\BOOKMARK [1][-]{section*.68}{\376\377\000I\000n\000t\000e\000g\000r\000a\000l\000e\000s\000\040\000i\000m\000p\000r\000o\000p\000i\000a\000s}{chapter*.16}% 18
\BOOKMARK [1][-]{section*.71}{\376\377\000\301\000r\000e\000a\000\040\000d\000e\000\040\000S\000u\000p\000e\000r\000f\000i\000c\000i\000e\000s\000\040\000d\000e\000\040\000R\000e\000v\000o\000l\000u\000c\000i\000\363\000n}{chapter*.16}% 19
\BOOKMARK [0][-]{chapter*.72}{\376\377\000C\000\341\000l\000c\000u\000l\000o\000\040\000e\000n\000\040\000v\000a\000r\000i\000a\000s\000\040\000v\000a\000r\000i\000a\000b\000l\000e\000s}{}% 20
\BOOKMARK [1][-]{section*.73}{\376\377\000R\000e\000p\000r\000e\000s\000e\000n\000t\000a\000c\000i\000\363\000n\000\040\000p\000a\000r\000a\000m\000\351\000t\000r\000i\000c\000a\000\040\000d\000e\000\040\000c\000u\000r\000v\000a\000s}{chapter*.72}% 21
\BOOKMARK [1][-]{section*.77}{\376\377\000D\000e\000r\000i\000v\000a\000d\000a\000s\000\040\000P\000a\000r\000c\000i\000a\000l\000e\000s}{chapter*.72}% 22
\BOOKMARK [0][-]{chapter*.85}{\376\377\000E\000c\000u\000a\000c\000i\000o\000n\000e\000s\000\040\000d\000e\000\040\000p\000r\000i\000m\000e\000r\000\040\000o\000r\000d\000e\000n}{}% 23
\BOOKMARK [1][-]{section*.86}{\376\377\000F\000u\000n\000d\000a\000m\000e\000n\000t\000o\000s\000\040\000d\000e\000\040\000E\000c\000u\000a\000c\000i\000o\000n\000e\000s\000\040\000D\000i\000f\000e\000r\000e\000n\000c\000i\000a\000l\000e\000s}{chapter*.85}% 24
\BOOKMARK [1][-]{section*.92}{\376\377\000E\000c\000u\000a\000c\000i\000o\000n\000e\000s\000\040\000E\000s\000p\000e\000c\000i\000a\000l\000e\000s\000\040\000d\000e\000\040\000P\000r\000i\000m\000e\000r\000\040\000O\000r\000d\000e\000n}{chapter*.85}% 25
\BOOKMARK [1][-]{section*.100}{\376\377\000A\000p\000l\000i\000c\000a\000c\000i\000o\000n\000e\000s}{chapter*.85}% 26
\BOOKMARK [0][-]{chapter*.106}{\376\377\000E\000s\000p\000a\000c\000i\000o\000s\000\040\000V\000e\000c\000t\000o\000r\000i\000a\000l\000e\000s}{}% 27
\BOOKMARK [1][-]{section*.107}{\376\377\000D\000e\000f\000i\000n\000i\000c\000i\000\363\000n\000\040\000y\000\040\000e\000j\000e\000m\000p\000l\000o\000s}{chapter*.106}% 28
\BOOKMARK [1][-]{section*.108}{\376\377\000S\000u\000b\000e\000s\000p\000a\000c\000i\000o\000s\000\040\000v\000e\000c\000t\000o\000r\000i\000a\000l\000e\000s}{chapter*.106}% 29
\BOOKMARK [1][-]{section*.109}{\376\377\000T\000r\000a\000n\000s\000f\000o\000r\000m\000a\000c\000i\000o\000n\000e\000s\000\040\000l\000i\000n\000e\000a\000l\000e\000s}{chapter*.106}% 30
\BOOKMARK [1][-]{section*.110}{\376\377\000N\000\372\000c\000l\000e\000o\000\040\000e\000\040\000i\000m\000a\000g\000e\000n}{chapter*.106}% 31
\BOOKMARK [1][-]{section*.111}{\376\377\000B\000a\000s\000e\000s\000\040\000y\000\040\000d\000i\000m\000e\000n\000s\000i\000\363\000n}{chapter*.106}% 32
\BOOKMARK [1][-]{section*.112}{\376\377\000C\000o\000o\000r\000d\000e\000n\000a\000d\000a\000s\000\040\000y\000\040\000c\000a\000m\000b\000i\000o\000s\000\040\000d\000e\000\040\000b\000a\000s\000e\000.}{chapter*.106}% 33
\BOOKMARK [0][-]{chapter*.113}{\376\377\000T\000e\000o\000r\000\355\000a\000\040\000e\000s\000p\000e\000c\000t\000r\000a\000l}{}% 34
\BOOKMARK [1][-]{section*.114}{\376\377\000V\000a\000l\000o\000r\000e\000s\000\040\000p\000r\000o\000p\000i\000o\000s}{chapter*.113}% 35
\BOOKMARK [1][-]{section*.115}{\376\377\000V\000a\000l\000o\000r\000e\000s\000\040\000p\000r\000o\000p\000i\000o\000s}{chapter*.113}% 36
\BOOKMARK [1][-]{section*.116}{\376\377\000V\000e\000c\000t\000o\000r\000e\000s\000\040\000p\000r\000o\000p\000i\000o\000s}{chapter*.113}% 37
\BOOKMARK [1][-]{section*.117}{\376\377\000D\000i\000a\000g\000o\000n\000a\000l\000i\000z\000a\000c\000i\000\363\000n}{chapter*.113}% 38
\BOOKMARK [0][-]{chapter*.118}{\376\377\000E\000c\000u\000a\000c\000i\000o\000n\000e\000s\000\040\000d\000e\000\040\000O\000r\000d\000e\000n\000\040\000S\000u\000p\000e\000r\000i\000o\000r}{}% 39
\BOOKMARK [1][-]{section*.119}{\376\377\000E\000c\000u\000a\000c\000i\000o\000n\000e\000s\000\040\000D\000i\000f\000e\000r\000e\000n\000c\000i\000a\000l\000e\000s\000\040\000L\000i\000n\000e\000a\000l\000e\000s}{chapter*.118}% 40
\BOOKMARK [1][-]{section*.124}{\376\377\000E\000c\000u\000a\000c\000i\000o\000n\000e\000s\000\040\000D\000i\000f\000e\000r\000e\000n\000c\000i\000a\000l\000e\000s\000\040\000L\000i\000n\000e\000a\000l\000e\000s\000\040\000H\000o\000m\000o\000g\000\351\000n\000e\000a\000s\000\040\000d\000e\000\040\000S\000e\000g\000u\000n\000d\000o\000\040\000O\000r\000d\000e\000n\000\040\000c\000o\000n\000\040\000C\000o\000e\000f\000i\000c\000i\000e\000n\000t\000e\000s\000\040\000C\000o\000n\000s\000t\000a\000n\000t\000e\000s}{chapter*.118}% 41
\BOOKMARK [1][-]{section*.130}{\376\377\000E\000c\000u\000a\000c\000i\000o\000n\000e\000s\000\040\000D\000i\000f\000e\000r\000e\000n\000c\000i\000a\000l\000e\000s\000\040\000L\000i\000n\000e\000a\000l\000e\000s\000\040\000H\000o\000m\000o\000g\000\351\000n\000e\000a\000s\000\040\000d\000e\000\040\000n\000-\000\351\000s\000i\000m\000o\000\040\000O\000r\000d\000e\000n\000\040\000c\000o\000n\000\040\000C\000o\000e\000f\000i\000c\000i\000e\000n\000t\000e\000s\000\040\000C\000o\000n\000s\000t\000a\000n\000t\000e\000s}{chapter*.118}% 42
\BOOKMARK [1][-]{section*.134}{\376\377\000M\000\351\000t\000o\000d\000o\000\040\000d\000e\000\040\000C\000o\000e\000f\000i\000c\000i\000e\000n\000t\000e\000s\000\040\000I\000n\000d\000e\000t\000e\000r\000m\000i\000n\000a\000d\000o\000s}{chapter*.118}% 43
\BOOKMARK [1][-]{section*.142}{\376\377\000A\000p\000l\000i\000c\000a\000c\000i\000o\000n\000e\000s}{chapter*.118}% 44
\BOOKMARK [1][-]{section*.147}{\376\377\000V\000a\000r\000i\000a\000c\000i\000\363\000n\000\040\000d\000e\000\040\000p\000a\000r\000a\000m\000e\000t\000r\000o\000s}{chapter*.118}% 45
\BOOKMARK [0][-]{chapter*.151}{\376\377\000T\000r\000a\000n\000s\000f\000o\000r\000m\000a\000d\000a\000\040\000d\000e\000\040\000L\000a\000p\000l\000a\000c\000e}{}% 46
\BOOKMARK [1][-]{section*.152}{\376\377\000L\000a\000\040\000T\000r\000a\000n\000s\000f\000o\000r\000m\000a\000d\000a\000\040\000d\000e\000\040\000L\000a\000p\000l\000a\000c\000e}{chapter*.151}% 47
\BOOKMARK [1][-]{section*.157}{\376\377\000T\000r\000a\000n\000s\000f\000o\000r\000m\000a\000d\000a\000\040\000I\000n\000v\000e\000r\000s\000a\000\040\000d\000e\000\040\000L\000a\000p\000l\000a\000c\000e}{chapter*.151}% 48
\BOOKMARK [1][-]{section*.161}{\376\377\000E\000.\000D\000.\000\040\000L\000i\000n\000e\000a\000l\000e\000s\000\040\000c\000o\000n\000\040\000C\000o\000e\000f\000i\000c\000i\000e\000n\000t\000e\000s\000\040\000C\000o\000n\000s\000t\000a\000n\000t\000e\000s}{chapter*.151}% 49
\BOOKMARK [1][-]{section*.165}{\376\377\000T\000r\000a\000n\000s\000f\000o\000r\000m\000a\000d\000a\000\040\000d\000e\000\040\000f\000u\000n\000c\000i\000o\000n\000e\000s\000\040\000d\000i\000s\000c\000o\000n\000t\000i\000n\000u\000a\000s}{chapter*.151}% 50
\BOOKMARK [0][-]{chapter*.170}{\376\377\000S\000i\000s\000t\000e\000m\000a\000s\000\040\000d\000e\000\040\000E\000c\000u\000a\000c\000i\000o\000n\000e\000s\000\040\000D\000i\000f\000e\000r\000e\000n\000c\000i\000a\000l\000e\000s}{}% 51
\BOOKMARK [1][-]{section*.171}{\376\377\000P\000r\000o\000y\000e\000c\000t\000o\000\040\000f\000i\000n\000a\000l\000:\000\040\000E\000c\000u\000a\000c\000i\000o\000n\000e\000s\000\040\000d\000i\000f\000e\000r\000e\000n\000c\000i\000a\000l\000e\000s}{chapter*.170}% 52
\BOOKMARK [1][-]{section*.172}{\376\377\000S\000o\000l\000u\000c\000i\000\363\000n\000\040\000d\000e\000\040\000S\000i\000s\000t\000e\000m\000a\000s\000\040\000L\000i\000n\000e\000a\000l\000e\000s}{chapter*.170}% 53
